#
# There is insufficient memory for the Java Runtime Environment to continue.
# Native memory allocation (malloc) failed to allocate 1076976 bytes. Error detail: Chunk::new
# Possible reasons:
#   The system is out of physical RAM or swap space
#   This process is running with CompressedOops enabled, and the Java Heap may be blocking the growth of the native heap
# Possible solutions:
#   Reduce memory load on the system
#   Increase physical memory or swap space
#   Check if swap backing store is full
#   Decrease Java heap size (-Xmx/-Xms)
#   Decrease number of Java threads
#   Decrease Java thread stack sizes (-Xss)
#   Set larger code cache with -XX:ReservedCodeCacheSize=
#   JVM is running with Zero Based Compressed Oops mode in which the Java heap is
#     placed in the first 32GB address space. The Java Heap base address is the
#     maximum limit for the native heap growth. Please use -XX:HeapBaseMinAddress
#     to set the Java Heap base and to place the Java Heap above 32GB virtual address.
# This output file may be truncated or incomplete.
#
#  Out of Memory Error (arena.cpp:168), pid=28264, tid=20504
#
# JRE version: OpenJDK Runtime Environment Temurin-21.0.10+7 (21.0.10+7) (build 21.0.10+7-LTS)
# Java VM: OpenJDK 64-Bit Server VM Temurin-21.0.10+7 (21.0.10+7-LTS, mixed mode, sharing, tiered, compressed oops, compressed class ptrs, g1 gc, windows-amd64)
# No core dump will be written. Minidumps are not enabled by default on client versions of Windows
#

---------------  S U M M A R Y ------------

Command Line: --add-opens=java.base/java.lang=ALL-UNNAMED --add-opens=java.base/java.lang.invoke=ALL-UNNAMED --add-opens=java.base/java.util=ALL-UNNAMED --add-opens=java.prefs/java.util.prefs=ALL-UNNAMED --add-exports=jdk.compiler/com.sun.tools.javac.api=ALL-UNNAMED --add-exports=jdk.compiler/com.sun.tools.javac.util=ALL-UNNAMED --add-opens=java.base/java.util=ALL-UNNAMED --add-opens=java.prefs/java.util.prefs=ALL-UNNAMED --add-opens=java.base/java.nio.charset=ALL-UNNAMED --add-opens=java.base/java.net=ALL-UNNAMED --add-opens=java.base/java.util.concurrent.atomic=ALL-UNNAMED --add-opens=java.xml/javax.xml.namespace=ALL-UNNAMED -XX:MaxMetaspaceSize=4G -XX:ReservedCodeCacheSize=512m -XX:+HeapDumpOnOutOfMemoryError -Xmx8G -Dfile.encoding=UTF-8 -Duser.country=IN -Duser.language=en -Duser.variant -javaagent:C:\Users\veere\.gradle\wrapper\dists\gradle-8.14-all\c2qonpi39x1mddn7hk5gh9iqj\gradle-8.14\lib\agents\gradle-instrumentation-agent-8.14.jar org.gradle.launcher.daemon.bootstrap.GradleDaemon 8.14

Host: AMD Ryzen 5 7535HS with Radeon Graphics        , 12 cores, 7G,  Windows 11 , 64 bit Build 26100 (10.0.26100.7920)
Time: Tue Mar  3 18:52:51 2026 India Standard Time elapsed time: 78.908339 seconds (0d 0h 1m 18s)

---------------  T H R E A D  ---------------

Current thread (0x000001dcef7d1380):  JavaThread "C2 CompilerThread0" daemon [_thread_in_native, id=20504, stack(0x0000003b80400000,0x0000003b80500000) (1024K)]


Current CompileTask:
C2:78909 15514   !   4       sun.nio.cs.StreamDecoder::read (78 bytes)

Stack: [0x0000003b80400000,0x0000003b80500000]
Native frames: (J=compiled Java code, j=interpreted, Vv=VM code, C=native code)
V  [jvm.dll+0x6d7a39]
V  [jvm.dll+0x8b4b26]
V  [jvm.dll+0x8b70de]
V  [jvm.dll+0x8b77c3]
V  [jvm.dll+0x284346]
V  [jvm.dll+0xc66ed]
V  [jvm.dll+0xc6c31]
V  [jvm.dll+0x3bec01]
V  [jvm.dll+0x1e3f69]
V  [jvm.dll+0x24c6b3]
V  [jvm.dll+0x24bb40]
V  [jvm.dll+0x1cb34e]
V  [jvm.dll+0x25b85d]
V  [jvm.dll+0x259dea]
V  [jvm.dll+0x3f857e]
V  [jvm.dll+0x85f59d]
V  [jvm.dll+0x6d626d]
C  [ucrtbase.dll+0x37b0]
C  [KERNEL32.DLL+0x2e8d7]
C  [ntdll.dll+0x8c48c]


---------------  P R O C E S S  ---------------

Threads class SMR info:
_java_thread_list=0x000001dd3a4e8420, length=182, elements={
0x000001dcdf199140, 0x000001dcef7b49b0, 0x000001dcef7b5020, 0x000001dcef7b5690,
0x000001dcef7b5f60, 0x000001dcef7bd600, 0x000001dcef7bfc80, 0x000001dcef7d1380,
0x000001dcef7e1a40, 0x000001dcefa51ba0, 0x000001dcef9fe570, 0x000001dd35f66860,
0x000001dd367e8300, 0x000001dd3677c920, 0x000001dd36763260, 0x000001dd36763f80,
0x000001dd36762bd0, 0x000001dd367638f0, 0x000001dd36764610, 0x000001dd36764ca0,
0x000001dd36765330, 0x000001dd36761eb0, 0x000001dd36762540, 0x000001dd36c12e90,
0x000001dd36c13bb0, 0x000001dd36c10730, 0x000001dd36c11450, 0x000001dd36c11ae0,
0x000001dd36c15c80, 0x000001dd36c155f0, 0x000001dd36c14f60, 0x000001dd36c12800,
0x000001dd36c17030, 0x000001dd36c16310, 0x000001dd36c17d50, 0x000001dd39ad08c0,
0x000001dd39ad15e0, 0x000001dd39ad3020, 0x000001dd39ad2990, 0x000001dd39acfba0,
0x000001dd39ad36b0, 0x000001dd39ad2300, 0x000001dd39ad1c70, 0x000001dd39ad0230,
0x000001dd39ad3d40, 0x000001dd39ad43d0, 0x000001dd39ad0f50, 0x000001dd39ad71c0,
0x000001dd39ad5780, 0x000001dd39ad4a60, 0x000001dd39ad50f0, 0x000001dd39ad6b30,
0x000001dd39ad5e10, 0x000001dd39ad64a0, 0x000001dd392560f0, 0x000001dd39256780,
0x000001dd39253300, 0x000001dd39254020, 0x000001dd39256e10, 0x000001dd39253990,
0x000001dd392574a0, 0x000001dd39257b30, 0x000001dd392546b0, 0x000001dd392581c0,
0x000001dd392553d0, 0x000001dd39255a60, 0x000001dd39254d40, 0x000001dd39259c00,
0x000001dd399e68d0, 0x000001dd399e5bb0, 0x000001dd399e5520, 0x000001dd399e9d50,
0x000001dd399ea3e0, 0x000001dd399e9030, 0x000001dd399e96c0, 0x000001dd399eaa70,
0x000001dd399e75f0, 0x000001dd399ecb40, 0x000001dd399ebe20, 0x000001dd399eb100,
0x000001dd399eb790, 0x000001dd399ec4b0, 0x000001dd3ab17ef0, 0x000001dd3ab164b0,
0x000001dd3ab14a70, 0x000001dd3ab16b40, 0x000001dd3ab15100, 0x000001dd3ab18580,
0x000001dd3ab171d0, 0x000001dd3ab18c10, 0x000001dd3ab17860, 0x000001dd3ab15790,
0x000001dd3ab192a0, 0x000001dd3ab15e20, 0x000001dd3ab19930, 0x000001dd3ab1ace0,
0x000001dd3ab19fc0, 0x000001dd3ab1c090, 0x000001dd3ab1ba00, 0x000001dd3ab1a650,
0x000001dd3ab1b370, 0x000001dd3a9aa2f0, 0x000001dd3a9ab010, 0x000001dd3a9ac3c0,
0x000001dd3a9a95d0, 0x000001dd3a9ab6a0, 0x000001dd3a9a8f40, 0x000001dd3a9abd30,
0x000001dd3a9aca50, 0x000001dd3a9a9c60, 0x000001dd3a9ad0e0, 0x000001dd3a9ad770,
0x000001dd3a9ade00, 0x000001dd3a9aa980, 0x000001dd3a9ae490, 0x000001dd3a9afed0,
0x000001dd3a9b0560, 0x000001dd39746000, 0x000001dd39748df0, 0x000001dd39749480,
0x000001dd39746690, 0x000001dd397480d0, 0x000001dd3974a1a0, 0x000001dd39746d20,
0x000001dd3974a830, 0x000001dd3974aec0, 0x000001dd39747a40, 0x000001dd3974b550,
0x000001dd3974bbe0, 0x000001dd39748760, 0x000001dd3974cf90, 0x000001dd3974c270,
0x000001dd3974c900, 0x000001dd3974d620, 0x000001dd351a4a20, 0x000001dd351a2950,
0x000001dd351a2fe0, 0x000001dd351a3670, 0x000001dd351a22c0, 0x000001dd351a3d00,
0x000001dd351a4390, 0x000001dd351a15a0, 0x000001dd351a1c30, 0x000001dd351a8530,
0x000001dd351a50b0, 0x000001dd351a5dd0, 0x000001dd351a7810, 0x000001dd351a6af0,
0x000001dd351a8bc0, 0x000001dd351a5740, 0x000001dd351a6460, 0x000001dd351a7180,
0x000001dd351a7ea0, 0x000001dd39749b10, 0x000001dd371652e0, 0x000001dd3716a830,
0x000001dd3716e340, 0x000001dd3716f060, 0x000001dd37172b70, 0x000001dd37173200,
0x000001dd3befcad0, 0x000001dd3befd160, 0x000001dd3befd7f0, 0x000001dd3befde80,
0x000001dd3befe510, 0x000001dd3befb090, 0x000001dd3befc440, 0x000001dd3befeba0,
0x000001dd3befb720, 0x000001dd3befbdb0, 0x000001dd3beff8c0, 0x000001dd3bf01300,
0x000001dd3beff230, 0x000001dd3bf00c70, 0x000001dd3bf01990, 0x000001dd3bf02020,
0x000001dd3bf033d0, 0x000001dd3bf026b0, 0x000001dd3bf04e10, 0x000001dd3bf06850,
0x000001dd3bf06ee0, 0x000001dd3c5270a0
}

Java Threads: ( => current thread )
  0x000001dcdf199140 JavaThread "main"                              [_thread_blocked, id=23044, stack(0x0000003bff600000,0x0000003bff700000) (1024K)]
  0x000001dcef7b49b0 JavaThread "Reference Handler"          daemon [_thread_blocked, id=15488, stack(0x0000003bffe00000,0x0000003bfff00000) (1024K)]
  0x000001dcef7b5020 JavaThread "Finalizer"                  daemon [_thread_blocked, id=3904, stack(0x0000003bfff00000,0x0000003c00000000) (1024K)]
  0x000001dcef7b5690 JavaThread "Signal Dispatcher"          daemon [_thread_blocked, id=7612, stack(0x0000003b80000000,0x0000003b80100000) (1024K)]
  0x000001dcef7b5f60 JavaThread "Attach Listener"            daemon [_thread_blocked, id=11936, stack(0x0000003b80100000,0x0000003b80200000) (1024K)]
  0x000001dcef7bd600 JavaThread "Service Thread"             daemon [_thread_blocked, id=5892, stack(0x0000003b80200000,0x0000003b80300000) (1024K)]
  0x000001dcef7bfc80 JavaThread "Monitor Deflation Thread"   daemon [_thread_blocked, id=2972, stack(0x0000003b80300000,0x0000003b80400000) (1024K)]
=>0x000001dcef7d1380 JavaThread "C2 CompilerThread0"         daemon [_thread_in_native, id=20504, stack(0x0000003b80400000,0x0000003b80500000) (1024K)]
  0x000001dcef7e1a40 JavaThread "C1 CompilerThread0"         daemon [_thread_in_vm, id=11592, stack(0x0000003b80500000,0x0000003b80600000) (1024K)]
  0x000001dcefa51ba0 JavaThread "Common-Cleaner"             daemon [_thread_blocked, id=27672, stack(0x0000003b80600000,0x0000003b80700000) (1024K)]
  0x000001dcef9fe570 JavaThread "Notification Thread"        daemon [_thread_blocked, id=11176, stack(0x0000003b80700000,0x0000003b80800000) (1024K)]
  0x000001dd35f66860 JavaThread "Daemon health stats"               [_thread_blocked, id=28608, stack(0x0000003b81200000,0x0000003b81300000) (1024K)]
  0x000001dd367e8300 JavaThread "Incoming local TCP Connector on port 59288"        [_thread_in_native, id=8240, stack(0x0000003b80b00000,0x0000003b80c00000) (1024K)]
  0x000001dd3677c920 JavaThread "Daemon periodic checks"            [_thread_blocked, id=23092, stack(0x0000003b81300000,0x0000003b81400000) (1024K)]
  0x000001dd36763260 JavaThread "Daemon"                            [_thread_blocked, id=16180, stack(0x0000003b81400000,0x0000003b81500000) (1024K)]
  0x000001dd36763f80 JavaThread "Handler for socket connection from /127.0.0.1:59288 to /127.0.0.1:59289"        [_thread_in_native, id=23240, stack(0x0000003b81500000,0x0000003b81600000) (1024K)]
  0x000001dd36762bd0 JavaThread "Cancel handler"                    [_thread_blocked, id=23440, stack(0x0000003b81600000,0x0000003b81700000) (1024K)]
  0x000001dd367638f0 JavaThread "Daemon worker"                     [_thread_in_native, id=28056, stack(0x0000003b81700000,0x0000003b81800000) (1024K)]
  0x000001dd36764610 JavaThread "Asynchronous log dispatcher for DefaultDaemonConnection: socket connection from /127.0.0.1:59288 to /127.0.0.1:59289"        [_thread_blocked, id=30488, stack(0x0000003b81800000,0x0000003b81900000) (1024K)]
  0x000001dd36764ca0 JavaThread "Stdin handler"                     [_thread_blocked, id=23740, stack(0x0000003b81900000,0x0000003b81a00000) (1024K)]
  0x000001dd36765330 JavaThread "Daemon client event forwarder"        [_thread_blocked, id=16960, stack(0x0000003b81a00000,0x0000003b81b00000) (1024K)]
  0x000001dd36761eb0 JavaThread "Cache worker for journal cache (C:\Users\veere\.gradle\caches\journal-1)"        [_thread_blocked, id=12268, stack(0x0000003b80800000,0x0000003b80900000) (1024K)]
  0x000001dd36762540 JavaThread "File lock request listener"        [_thread_in_native, id=23008, stack(0x0000003b81b00000,0x0000003b81c00000) (1024K)]
  0x000001dd36c12e90 JavaThread "Cache worker for file hash cache (C:\Users\veere\.gradle\caches\8.14\fileHashes)"        [_thread_blocked, id=26176, stack(0x0000003b81c00000,0x0000003b81d00000) (1024K)]
  0x000001dd36c13bb0 JavaThread "Cache worker for file hash cache (C:\Users\veere\Desktop\Flutter Project\chatApp\Frontend\orbit_chat_app\android\.gradle\8.14\fileHashes)"        [_thread_blocked, id=23336, stack(0x0000003b82100000,0x0000003b82200000) (1024K)]
  0x000001dd36c10730 JavaThread "Cache worker for Build Output Cleanup Cache (C:\Users\veere\Desktop\Flutter Project\chatApp\Frontend\orbit_chat_app\android\.gradle\buildOutputCleanup)"        [_thread_blocked, id=22108, stack(0x0000003b82200000,0x0000003b82300000) (1024K)]
  0x000001dd36c11450 JavaThread "File watcher server"        daemon [_thread_in_native, id=17076, stack(0x0000003b82300000,0x0000003b82400000) (1024K)]
  0x000001dd36c11ae0 JavaThread "File watcher consumer"      daemon [_thread_blocked, id=24728, stack(0x0000003b82400000,0x0000003b82500000) (1024K)]
  0x000001dd36c15c80 JavaThread "Cache worker for checksums cache (C:\Users\veere\Desktop\Flutter Project\chatApp\Frontend\orbit_chat_app\android\.gradle\8.14\checksums)"        [_thread_blocked, id=2880, stack(0x0000003b82500000,0x0000003b82600000) (1024K)]
  0x000001dd36c155f0 JavaThread "Cache worker for file content cache (C:\Users\veere\.gradle\caches\8.14\fileContent)"        [_thread_blocked, id=22700, stack(0x0000003b82600000,0x0000003b82700000) (1024K)]
  0x000001dd36c14f60 JavaThread "Cache worker for cache directory md-supplier (C:\Users\veere\.gradle\caches\8.14\md-supplier)"        [_thread_blocked, id=17800, stack(0x0000003b82700000,0x0000003b82800000) (1024K)]
  0x000001dd36c12800 JavaThread "Cache worker for cache directory md-rule (C:\Users\veere\.gradle\caches\8.14\md-rule)"        [_thread_blocked, id=16812, stack(0x0000003b82800000,0x0000003b82900000) (1024K)]
  0x000001dd36c17030 JavaThread "Cache worker for Build Output Cleanup Cache (C:\flutter\packages\flutter_tools\gradle\.gradle\buildOutputCleanup)"        [_thread_blocked, id=27332, stack(0x0000003b82900000,0x0000003b82a00000) (1024K)]
  0x000001dd36c16310 JavaThread "Unconstrained build operations"        [_thread_blocked, id=23736, stack(0x0000003b81d00000,0x0000003b81e00000) (1024K)]
  0x000001dd36c17d50 JavaThread "Unconstrained build operations Thread 2"        [_thread_blocked, id=4384, stack(0x0000003b82a00000,0x0000003b82b00000) (1024K)]
  0x000001dd39ad08c0 JavaThread "Unconstrained build operations Thread 3"        [_thread_blocked, id=28952, stack(0x0000003b82b00000,0x0000003b82c00000) (1024K)]
  0x000001dd39ad15e0 JavaThread "Unconstrained build operations Thread 4"        [_thread_blocked, id=23924, stack(0x0000003b82c00000,0x0000003b82d00000) (1024K)]
  0x000001dd39ad3020 JavaThread "Unconstrained build operations Thread 5"        [_thread_blocked, id=23348, stack(0x0000003b82d00000,0x0000003b82e00000) (1024K)]
  0x000001dd39ad2990 JavaThread "Unconstrained build operations Thread 6"        [_thread_blocked, id=27836, stack(0x0000003b82e00000,0x0000003b82f00000) (1024K)]
  0x000001dd39acfba0 JavaThread "Unconstrained build operations Thread 7"        [_thread_blocked, id=29408, stack(0x0000003b82f00000,0x0000003b83000000) (1024K)]
  0x000001dd39ad36b0 JavaThread "Unconstrained build operations Thread 8"        [_thread_blocked, id=10228, stack(0x0000003b83000000,0x0000003b83100000) (1024K)]
  0x000001dd39ad2300 JavaThread "Unconstrained build operations Thread 9"        [_thread_blocked, id=16092, stack(0x0000003b83100000,0x0000003b83200000) (1024K)]
  0x000001dd39ad1c70 JavaThread "Unconstrained build operations Thread 10"        [_thread_blocked, id=24252, stack(0x0000003b83200000,0x0000003b83300000) (1024K)]
  0x000001dd39ad0230 JavaThread "Unconstrained build operations Thread 11"        [_thread_blocked, id=12292, stack(0x0000003b83300000,0x0000003b83400000) (1024K)]
  0x000001dd39ad3d40 JavaThread "Unconstrained build operations Thread 12"        [_thread_blocked, id=19184, stack(0x0000003b83500000,0x0000003b83600000) (1024K)]
  0x000001dd39ad43d0 JavaThread "Unconstrained build operations Thread 13"        [_thread_blocked, id=26232, stack(0x0000003b83600000,0x0000003b83700000) (1024K)]
  0x000001dd39ad0f50 JavaThread "Unconstrained build operations Thread 14"        [_thread_blocked, id=27208, stack(0x0000003b83700000,0x0000003b83800000) (1024K)]
  0x000001dd39ad71c0 JavaThread "Unconstrained build operations Thread 15"        [_thread_blocked, id=19820, stack(0x0000003b83800000,0x0000003b83900000) (1024K)]
  0x000001dd39ad5780 JavaThread "Unconstrained build operations Thread 16"        [_thread_blocked, id=22672, stack(0x0000003b83900000,0x0000003b83a00000) (1024K)]
  0x000001dd39ad4a60 JavaThread "Unconstrained build operations Thread 17"        [_thread_blocked, id=16224, stack(0x0000003b83a00000,0x0000003b83b00000) (1024K)]
  0x000001dd39ad50f0 JavaThread "Unconstrained build operations Thread 18"        [_thread_blocked, id=28600, stack(0x0000003b83b00000,0x0000003b83c00000) (1024K)]
  0x000001dd39ad6b30 JavaThread "Unconstrained build operations Thread 19"        [_thread_blocked, id=1044, stack(0x0000003b83c00000,0x0000003b83d00000) (1024K)]
  0x000001dd39ad5e10 JavaThread "Unconstrained build operations Thread 20"        [_thread_blocked, id=24832, stack(0x0000003b83d00000,0x0000003b83e00000) (1024K)]
  0x000001dd39ad64a0 JavaThread "Unconstrained build operations Thread 21"        [_thread_blocked, id=23116, stack(0x0000003b83e00000,0x0000003b83f00000) (1024K)]
  0x000001dd392560f0 JavaThread "Unconstrained build operations Thread 22"        [_thread_blocked, id=30356, stack(0x0000003b83f00000,0x0000003b84000000) (1024K)]
  0x000001dd39256780 JavaThread "Unconstrained build operations Thread 23"        [_thread_blocked, id=14652, stack(0x0000003b84000000,0x0000003b84100000) (1024K)]
  0x000001dd39253300 JavaThread "Unconstrained build operations Thread 24"        [_thread_blocked, id=23228, stack(0x0000003b84100000,0x0000003b84200000) (1024K)]
  0x000001dd39254020 JavaThread "Unconstrained build operations Thread 25"        [_thread_blocked, id=20552, stack(0x0000003b84200000,0x0000003b84300000) (1024K)]
  0x000001dd39256e10 JavaThread "Unconstrained build operations Thread 26"        [_thread_blocked, id=30344, stack(0x0000003b84300000,0x0000003b84400000) (1024K)]
  0x000001dd39253990 JavaThread "Unconstrained build operations Thread 27"        [_thread_blocked, id=14396, stack(0x0000003b84400000,0x0000003b84500000) (1024K)]
  0x000001dd392574a0 JavaThread "Unconstrained build operations Thread 28"        [_thread_blocked, id=15640, stack(0x0000003b84500000,0x0000003b84600000) (1024K)]
  0x000001dd39257b30 JavaThread "Unconstrained build operations Thread 29"        [_thread_blocked, id=23548, stack(0x0000003b84600000,0x0000003b84700000) (1024K)]
  0x000001dd392546b0 JavaThread "Unconstrained build operations Thread 30"        [_thread_blocked, id=29872, stack(0x0000003b84700000,0x0000003b84800000) (1024K)]
  0x000001dd392581c0 JavaThread "Unconstrained build operations Thread 31"        [_thread_blocked, id=24056, stack(0x0000003b84800000,0x0000003b84900000) (1024K)]
  0x000001dd392553d0 JavaThread "Unconstrained build operations Thread 32"        [_thread_blocked, id=25708, stack(0x0000003b84900000,0x0000003b84a00000) (1024K)]
  0x000001dd39255a60 JavaThread "Unconstrained build operations Thread 33"        [_thread_blocked, id=10308, stack(0x0000003b84a00000,0x0000003b84b00000) (1024K)]
  0x000001dd39254d40 JavaThread "Memory manager"                    [_thread_blocked, id=3628, stack(0x0000003b84b00000,0x0000003b84c00000) (1024K)]
  0x000001dd39259c00 JavaThread "build event listener"              [_thread_blocked, id=5444, stack(0x0000003b84c00000,0x0000003b84d00000) (1024K)]
  0x000001dd399e68d0 JavaThread "included builds"                   [_thread_blocked, id=28464, stack(0x0000003b84d00000,0x0000003b84e00000) (1024K)]
  0x000001dd399e5bb0 JavaThread "Execution worker"                  [_thread_blocked, id=30428, stack(0x0000003b84e00000,0x0000003b84f00000) (1024K)]
  0x000001dd399e5520 JavaThread "Execution worker Thread 2"         [_thread_blocked, id=2344, stack(0x0000003b84f00000,0x0000003b85000000) (1024K)]
  0x000001dd399e9d50 JavaThread "Execution worker Thread 3"         [_thread_blocked, id=12224, stack(0x0000003b85000000,0x0000003b85100000) (1024K)]
  0x000001dd399ea3e0 JavaThread "Execution worker Thread 4"         [_thread_blocked, id=27736, stack(0x0000003b85100000,0x0000003b85200000) (1024K)]
  0x000001dd399e9030 JavaThread "Execution worker Thread 5"         [_thread_blocked, id=6584, stack(0x0000003b85200000,0x0000003b85300000) (1024K)]
  0x000001dd399e96c0 JavaThread "Execution worker Thread 6"         [_thread_blocked, id=30400, stack(0x0000003b85300000,0x0000003b85400000) (1024K)]
  0x000001dd399eaa70 JavaThread "Execution worker Thread 7"         [_thread_blocked, id=13440, stack(0x0000003b85400000,0x0000003b85500000) (1024K)]
  0x000001dd399e75f0 JavaThread "Execution worker Thread 8"         [_thread_blocked, id=29072, stack(0x0000003b85500000,0x0000003b85600000) (1024K)]
  0x000001dd399ecb40 JavaThread "Execution worker Thread 9"         [_thread_blocked, id=20648, stack(0x0000003b85600000,0x0000003b85700000) (1024K)]
  0x000001dd399ebe20 JavaThread "Execution worker Thread 10"        [_thread_blocked, id=22076, stack(0x0000003b85700000,0x0000003b85800000) (1024K)]
  0x000001dd399eb100 JavaThread "Execution worker Thread 11"        [_thread_blocked, id=30128, stack(0x0000003b85800000,0x0000003b85900000) (1024K)]
  0x000001dd399eb790 JavaThread "Cache worker for execution history cache (C:\flutter\packages\flutter_tools\gradle\.gradle\8.14\executionHistory)"        [_thread_blocked, id=30208, stack(0x0000003b85900000,0x0000003b85a00000) (1024K)]
  0x000001dd399ec4b0 JavaThread "Unconstrained build operations Thread 34"        [_thread_blocked, id=27512, stack(0x0000003b85a00000,0x0000003b85b00000) (1024K)]
  0x000001dd3ab17ef0 JavaThread "Unconstrained build operations Thread 35"        [_thread_blocked, id=25056, stack(0x0000003b85b00000,0x0000003b85c00000) (1024K)]
  0x000001dd3ab164b0 JavaThread "Unconstrained build operations Thread 36"        [_thread_blocked, id=25356, stack(0x0000003b85c00000,0x0000003b85d00000) (1024K)]
  0x000001dd3ab14a70 JavaThread "Unconstrained build operations Thread 37"        [_thread_blocked, id=20596, stack(0x0000003b85d00000,0x0000003b85e00000) (1024K)]
  0x000001dd3ab16b40 JavaThread "Unconstrained build operations Thread 38"        [_thread_blocked, id=26656, stack(0x0000003b85e00000,0x0000003b85f00000) (1024K)]
  0x000001dd3ab15100 JavaThread "Unconstrained build operations Thread 39"        [_thread_blocked, id=2212, stack(0x0000003b85f00000,0x0000003b86000000) (1024K)]
  0x000001dd3ab18580 JavaThread "Unconstrained build operations Thread 40"        [_thread_blocked, id=5228, stack(0x0000003b86000000,0x0000003b86100000) (1024K)]
  0x000001dd3ab171d0 JavaThread "Unconstrained build operations Thread 41"        [_thread_blocked, id=24520, stack(0x0000003b86100000,0x0000003b86200000) (1024K)]
  0x000001dd3ab18c10 JavaThread "Unconstrained build operations Thread 42"        [_thread_blocked, id=10628, stack(0x0000003b86200000,0x0000003b86300000) (1024K)]
  0x000001dd3ab17860 JavaThread "Unconstrained build operations Thread 43"        [_thread_blocked, id=23188, stack(0x0000003b86300000,0x0000003b86400000) (1024K)]
  0x000001dd3ab15790 JavaThread "Unconstrained build operations Thread 44"        [_thread_blocked, id=16572, stack(0x0000003b86400000,0x0000003b86500000) (1024K)]
  0x000001dd3ab192a0 JavaThread "Unconstrained build operations Thread 45"        [_thread_blocked, id=15568, stack(0x0000003b86500000,0x0000003b86600000) (1024K)]
  0x000001dd3ab15e20 JavaThread "Unconstrained build operations Thread 46"        [_thread_blocked, id=26688, stack(0x0000003b86600000,0x0000003b86700000) (1024K)]
  0x000001dd3ab19930 JavaThread "Unconstrained build operations Thread 47"        [_thread_blocked, id=13516, stack(0x0000003b86700000,0x0000003b86800000) (1024K)]
  0x000001dd3ab1ace0 JavaThread "Unconstrained build operations Thread 48"        [_thread_blocked, id=5292, stack(0x0000003b86800000,0x0000003b86900000) (1024K)]
  0x000001dd3ab19fc0 JavaThread "Unconstrained build operations Thread 49"        [_thread_blocked, id=28604, stack(0x0000003b86900000,0x0000003b86a00000) (1024K)]
  0x000001dd3ab1c090 JavaThread "Unconstrained build operations Thread 50"        [_thread_blocked, id=2536, stack(0x0000003b86a00000,0x0000003b86b00000) (1024K)]
  0x000001dd3ab1ba00 JavaThread "Unconstrained build operations Thread 51"        [_thread_blocked, id=17120, stack(0x0000003b86b00000,0x0000003b86c00000) (1024K)]
  0x000001dd3ab1a650 JavaThread "Unconstrained build operations Thread 52"        [_thread_blocked, id=20000, stack(0x0000003b86c00000,0x0000003b86d00000) (1024K)]
  0x000001dd3ab1b370 JavaThread "Unconstrained build operations Thread 53"        [_thread_blocked, id=8088, stack(0x0000003b86d00000,0x0000003b86e00000) (1024K)]
  0x000001dd3a9aa2f0 JavaThread "Unconstrained build operations Thread 54"        [_thread_blocked, id=28444, stack(0x0000003b86e00000,0x0000003b86f00000) (1024K)]
  0x000001dd3a9ab010 JavaThread "Unconstrained build operations Thread 55"        [_thread_blocked, id=23580, stack(0x0000003b86f00000,0x0000003b87000000) (1024K)]
  0x000001dd3a9ac3c0 JavaThread "Unconstrained build operations Thread 56"        [_thread_blocked, id=28620, stack(0x0000003b87000000,0x0000003b87100000) (1024K)]
  0x000001dd3a9a95d0 JavaThread "Unconstrained build operations Thread 57"        [_thread_blocked, id=11700, stack(0x0000003b87100000,0x0000003b87200000) (1024K)]
  0x000001dd3a9ab6a0 JavaThread "Unconstrained build operations Thread 58"        [_thread_blocked, id=8972, stack(0x0000003b87200000,0x0000003b87300000) (1024K)]
  0x000001dd3a9a8f40 JavaThread "Unconstrained build operations Thread 59"        [_thread_blocked, id=18296, stack(0x0000003b87300000,0x0000003b87400000) (1024K)]
  0x000001dd3a9abd30 JavaThread "Unconstrained build operations Thread 60"        [_thread_blocked, id=3812, stack(0x0000003b87400000,0x0000003b87500000) (1024K)]
  0x000001dd3a9aca50 JavaThread "Unconstrained build operations Thread 61"        [_thread_blocked, id=16028, stack(0x0000003b87500000,0x0000003b87600000) (1024K)]
  0x000001dd3a9a9c60 JavaThread "Unconstrained build operations Thread 62"        [_thread_blocked, id=5476, stack(0x0000003b87600000,0x0000003b87700000) (1024K)]
  0x000001dd3a9ad0e0 JavaThread "Unconstrained build operations Thread 63"        [_thread_blocked, id=20932, stack(0x0000003b87700000,0x0000003b87800000) (1024K)]
  0x000001dd3a9ad770 JavaThread "Unconstrained build operations Thread 64"        [_thread_blocked, id=5976, stack(0x0000003b87800000,0x0000003b87900000) (1024K)]
  0x000001dd3a9ade00 JavaThread "Unconstrained build operations Thread 65"        [_thread_blocked, id=24760, stack(0x0000003b87900000,0x0000003b87a00000) (1024K)]
  0x000001dd3a9aa980 JavaThread "Unconstrained build operations Thread 66"        [_thread_blocked, id=29164, stack(0x0000003b87a00000,0x0000003b87b00000) (1024K)]
  0x000001dd3a9ae490 JavaThread "Unconstrained build operations Thread 67"        [_thread_blocked, id=12540, stack(0x0000003b87b00000,0x0000003b87c00000) (1024K)]
  0x000001dd3a9afed0 JavaThread "Unconstrained build operations Thread 68"        [_thread_blocked, id=25400, stack(0x0000003b87c00000,0x0000003b87d00000) (1024K)]
  0x000001dd3a9b0560 JavaThread "WorkerExecutor Queue"              [_thread_blocked, id=16044, stack(0x0000003b87d00000,0x0000003b87e00000) (1024K)]
  0x000001dd39746000 JavaThread "RMI Scheduler(0)"           daemon [_thread_blocked, id=22792, stack(0x0000003b87e00000,0x0000003b87f00000) (1024K)]
  0x000001dd39748df0 JavaThread "RMI GC Daemon"              daemon [_thread_blocked, id=9604, stack(0x0000003b88000000,0x0000003b88100000) (1024K)]
  0x000001dd39749480 JavaThread "RMI TCP Accept-0"           daemon [_thread_in_native, id=12116, stack(0x0000003b88100000,0x0000003b88200000) (1024K)]
  0x000001dd39746690 JavaThread "RMI Reaper"                        [_thread_blocked, id=29092, stack(0x0000003b88200000,0x0000003b88300000) (1024K)]
  0x000001dd397480d0 JavaThread "RMI TCP Connection(idle)"   daemon [_thread_blocked, id=23200, stack(0x0000003b88300000,0x0000003b88400000) (1024K)]
  0x000001dd3974a1a0 JavaThread "Unconstrained build operations Thread 69"        [_thread_in_native, id=28820, stack(0x0000003b83400000,0x0000003b83500000) (1024K)]
  0x000001dd39746d20 JavaThread "Unconstrained build operations Thread 70"        [_thread_in_native, id=22884, stack(0x0000003b88400000,0x0000003b88500000) (1024K)]
  0x000001dd3974a830 JavaThread "Unconstrained build operations Thread 71"        [_thread_in_native, id=16212, stack(0x0000003b88500000,0x0000003b88600000) (1024K)]
  0x000001dd3974aec0 JavaThread "Unconstrained build operations Thread 72"        [_thread_blocked, id=29748, stack(0x0000003b88600000,0x0000003b88700000) (1024K)]
  0x000001dd39747a40 JavaThread "Unconstrained build operations Thread 73"        [_thread_in_native, id=7292, stack(0x0000003b88700000,0x0000003b88800000) (1024K)]
  0x000001dd3974b550 JavaThread "Unconstrained build operations Thread 74"        [_thread_in_native, id=11328, stack(0x0000003b88800000,0x0000003b88900000) (1024K)]
  0x000001dd3974bbe0 JavaThread "Unconstrained build operations Thread 75"        [_thread_in_native, id=26664, stack(0x0000003b88900000,0x0000003b88a00000) (1024K)]
  0x000001dd39748760 JavaThread "Unconstrained build operations Thread 76"        [_thread_in_native, id=25344, stack(0x0000003b88a00000,0x0000003b88b00000) (1024K)]
  0x000001dd3974cf90 JavaThread "Unconstrained build operations Thread 77"        [_thread_in_native, id=21212, stack(0x0000003b88b00000,0x0000003b88c00000) (1024K)]
  0x000001dd3974c270 JavaThread "Unconstrained build operations Thread 78"        [_thread_in_native, id=24928, stack(0x0000003b88c00000,0x0000003b88d00000) (1024K)]
  0x000001dd3974c900 JavaThread "Unconstrained build operations Thread 79"        [_thread_in_native, id=15828, stack(0x0000003b88d00000,0x0000003b88e00000) (1024K)]
  0x000001dd3974d620 JavaThread "Unconstrained build operations Thread 80"        [_thread_blocked, id=17752, stack(0x0000003b88e00000,0x0000003b88f00000) (1024K)]
  0x000001dd351a4a20 JavaThread "Unconstrained build operations Thread 81"        [_thread_blocked, id=2376, stack(0x0000003b88f00000,0x0000003b89000000) (1024K)]
  0x000001dd351a2950 JavaThread "Unconstrained build operations Thread 82"        [_thread_blocked, id=9588, stack(0x0000003b87f00000,0x0000003b88000000) (1024K)]
  0x000001dd351a2fe0 JavaThread "Unconstrained build operations Thread 83"        [_thread_blocked, id=29000, stack(0x0000003b89000000,0x0000003b89100000) (1024K)]
  0x000001dd351a3670 JavaThread "Unconstrained build operations Thread 84"        [_thread_blocked, id=9580, stack(0x0000003b89100000,0x0000003b89200000) (1024K)]
  0x000001dd351a22c0 JavaThread "Unconstrained build operations Thread 85"        [_thread_blocked, id=21072, stack(0x0000003b89200000,0x0000003b89300000) (1024K)]
  0x000001dd351a3d00 JavaThread "Unconstrained build operations Thread 86"        [_thread_blocked, id=5832, stack(0x0000003b89300000,0x0000003b89400000) (1024K)]
  0x000001dd351a4390 JavaThread "Unconstrained build operations Thread 87"        [_thread_in_native, id=2404, stack(0x0000003b89400000,0x0000003b89500000) (1024K)]
  0x000001dd351a15a0 JavaThread "Unconstrained build operations Thread 88"        [_thread_blocked, id=21648, stack(0x0000003b89500000,0x0000003b89600000) (1024K)]
  0x000001dd351a1c30 JavaThread "Unconstrained build operations Thread 89"        [_thread_blocked, id=20240, stack(0x0000003b89600000,0x0000003b89700000) (1024K)]
  0x000001dd351a8530 JavaThread "Unconstrained build operations Thread 90"        [_thread_blocked, id=7024, stack(0x0000003b89700000,0x0000003b89800000) (1024K)]
  0x000001dd351a50b0 JavaThread "Unconstrained build operations Thread 91"        [_thread_blocked, id=2184, stack(0x0000003b89800000,0x0000003b89900000) (1024K)]
  0x000001dd351a5dd0 JavaThread "Unconstrained build operations Thread 92"        [_thread_blocked, id=25384, stack(0x0000003b89900000,0x0000003b89a00000) (1024K)]
  0x000001dd351a7810 JavaThread "Unconstrained build operations Thread 93"        [_thread_blocked, id=20672, stack(0x0000003b89a00000,0x0000003b89b00000) (1024K)]
  0x000001dd351a6af0 JavaThread "Unconstrained build operations Thread 94"        [_thread_blocked, id=22904, stack(0x0000003b89b00000,0x0000003b89c00000) (1024K)]
  0x000001dd351a8bc0 JavaThread "Unconstrained build operations Thread 95"        [_thread_blocked, id=13732, stack(0x0000003b89c00000,0x0000003b89d00000) (1024K)]
  0x000001dd351a5740 JavaThread "Unconstrained build operations Thread 96"        [_thread_blocked, id=17060, stack(0x0000003b89d00000,0x0000003b89e00000) (1024K)]
  0x000001dd351a6460 JavaThread "Unconstrained build operations Thread 97"        [_thread_blocked, id=10448, stack(0x0000003b89e00000,0x0000003b89f00000) (1024K)]
  0x000001dd351a7180 JavaThread "Unconstrained build operations Thread 98"        [_thread_blocked, id=11972, stack(0x0000003b89f00000,0x0000003b8a000000) (1024K)]
  0x000001dd351a7ea0 JavaThread "Unconstrained build operations Thread 99"        [_thread_blocked, id=30308, stack(0x0000003b8a000000,0x0000003b8a100000) (1024K)]
  0x000001dd39749b10 JavaThread "Unconstrained build operations Thread 100"        [_thread_blocked, id=22168, stack(0x0000003b8a100000,0x0000003b8a200000) (1024K)]
  0x000001dd371652e0 JavaThread "Unconstrained build operations Thread 101"        [_thread_blocked, id=17684, stack(0x0000003b8a200000,0x0000003b8a300000) (1024K)]
  0x000001dd3716a830 JavaThread "build event listener"              [_thread_blocked, id=28908, stack(0x0000003b8a600000,0x0000003b8a700000) (1024K)]
  0x000001dd3716e340 JavaThread "jar transforms"                    [_thread_blocked, id=29484, stack(0x0000003b8a700000,0x0000003b8a800000) (1024K)]
  0x000001dd3716f060 JavaThread "Unconstrained build operations Thread 102"        [_thread_blocked, id=6388, stack(0x0000003b8a300000,0x0000003b8a400000) (1024K)]
  0x000001dd37172b70 JavaThread "Unconstrained build operations Thread 103"        [_thread_blocked, id=29100, stack(0x0000003b8a800000,0x0000003b8a900000) (1024K)]
  0x000001dd37173200 JavaThread "Unconstrained build operations Thread 104"        [_thread_blocked, id=2604, stack(0x0000003b8a900000,0x0000003b8aa00000) (1024K)]
  0x000001dd3befcad0 JavaThread "Unconstrained build operations Thread 105"        [_thread_blocked, id=9572, stack(0x0000003b8aa00000,0x0000003b8ab00000) (1024K)]
  0x000001dd3befd160 JavaThread "Unconstrained build operations Thread 106"        [_thread_blocked, id=17692, stack(0x0000003b8ab00000,0x0000003b8ac00000) (1024K)]
  0x000001dd3befd7f0 JavaThread "Unconstrained build operations Thread 107"        [_thread_blocked, id=23380, stack(0x0000003b8ac00000,0x0000003b8ad00000) (1024K)]
  0x000001dd3befde80 JavaThread "Unconstrained build operations Thread 108"        [_thread_blocked, id=27436, stack(0x0000003b8ad00000,0x0000003b8ae00000) (1024K)]
  0x000001dd3befe510 JavaThread "Unconstrained build operations Thread 109"        [_thread_blocked, id=8388, stack(0x0000003b8ae00000,0x0000003b8af00000) (1024K)]
  0x000001dd3befb090 JavaThread "Unconstrained build operations Thread 110"        [_thread_blocked, id=23104, stack(0x0000003b8af00000,0x0000003b8b000000) (1024K)]
  0x000001dd3befc440 JavaThread "Unconstrained build operations Thread 111"        [_thread_blocked, id=17616, stack(0x0000003b8b000000,0x0000003b8b100000) (1024K)]
  0x000001dd3befeba0 JavaThread "Unconstrained build operations Thread 112"        [_thread_blocked, id=26848, stack(0x0000003b8b100000,0x0000003b8b200000) (1024K)]
  0x000001dd3befb720 JavaThread "Unconstrained build operations Thread 113"        [_thread_blocked, id=18776, stack(0x0000003b8b200000,0x0000003b8b300000) (1024K)]
  0x000001dd3befbdb0 JavaThread "Unconstrained build operations Thread 114"        [_thread_blocked, id=27696, stack(0x0000003b8b300000,0x0000003b8b400000) (1024K)]
  0x000001dd3beff8c0 JavaThread "Unconstrained build operations Thread 115"        [_thread_blocked, id=15520, stack(0x0000003b8b400000,0x0000003b8b500000) (1024K)]
  0x000001dd3bf01300 JavaThread "Unconstrained build operations Thread 116"        [_thread_blocked, id=28348, stack(0x0000003b8b500000,0x0000003b8b600000) (1024K)]
  0x000001dd3beff230 JavaThread "Unconstrained build operations Thread 117"        [_thread_blocked, id=24300, stack(0x0000003b8b600000,0x0000003b8b700000) (1024K)]
  0x000001dd3bf00c70 JavaThread "Unconstrained build operations Thread 118"        [_thread_blocked, id=24384, stack(0x0000003b8b700000,0x0000003b8b800000) (1024K)]
  0x000001dd3bf01990 JavaThread "Unconstrained build operations Thread 119"        [_thread_blocked, id=1012, stack(0x0000003b8b800000,0x0000003b8b900000) (1024K)]
  0x000001dd3bf02020 JavaThread "Unconstrained build operations Thread 120"        [_thread_blocked, id=2784, stack(0x0000003b8b900000,0x0000003b8ba00000) (1024K)]
  0x000001dd3bf033d0 JavaThread "jar transforms Thread 2"           [_thread_blocked, id=26852, stack(0x0000003b8ba00000,0x0000003b8bb00000) (1024K)]
  0x000001dd3bf026b0 JavaThread "Problems report writer"            [_thread_blocked, id=3420, stack(0x0000003b8bc00000,0x0000003b8bd00000) (1024K)]
  0x000001dd3bf04e10 JavaThread "jar transforms Thread 3"           [_thread_blocked, id=2856, stack(0x0000003b8bd00000,0x0000003b8be00000) (1024K)]
  0x000001dd3bf06850 JavaThread "jar transforms Thread 4"           [_thread_blocked, id=1068, stack(0x0000003b8be00000,0x0000003b8bf00000) (1024K)]
  0x000001dd3bf06ee0 JavaThread "jar transforms Thread 5"           [_thread_blocked, id=22900, stack(0x0000003b8bf00000,0x0000003b8c000000) (1024K)]
  0x000001dd3c5270a0 JavaThread "C2 CompilerThread1"         daemon [_thread_blocked, id=10736, stack(0x0000003b8bb00000,0x0000003b8bc00000) (1024K)]
Total: 182

Other Threads:
  0x000001dcecce76d0 VMThread "VM Thread"                           [id=25492, stack(0x0000003bffd00000,0x0000003bffe00000) (1024K)]
  0x000001dceccd7ca0 WatcherThread "VM Periodic Task Thread"        [id=29880, stack(0x0000003bffc00000,0x0000003bffd00000) (1024K)]
  0x000001dcdf242150 WorkerThread "GC Thread#0"                     [id=12036, stack(0x0000003bff700000,0x0000003bff800000) (1024K)]
  0x000001dcefb8f980 WorkerThread "GC Thread#1"                     [id=19160, stack(0x0000003b80900000,0x0000003b80a00000) (1024K)]
  0x000001dd3503d510 WorkerThread "GC Thread#2"                     [id=24240, stack(0x0000003b80a00000,0x0000003b80b00000) (1024K)]
  0x000001dd35980b70 WorkerThread "GC Thread#3"                     [id=27936, stack(0x0000003b80c00000,0x0000003b80d00000) (1024K)]
  0x000001dd35983790 WorkerThread "GC Thread#4"                     [id=4700, stack(0x0000003b80d00000,0x0000003b80e00000) (1024K)]
  0x000001dd36772e20 WorkerThread "GC Thread#5"                     [id=6416, stack(0x0000003b80e00000,0x0000003b80f00000) (1024K)]
  0x000001dd367340c0 WorkerThread "GC Thread#6"                     [id=27772, stack(0x0000003b80f00000,0x0000003b81000000) (1024K)]
  0x000001dd36734470 WorkerThread "GC Thread#7"                     [id=25460, stack(0x0000003b81000000,0x0000003b81100000) (1024K)]
  0x000001dd36518840 WorkerThread "GC Thread#8"                     [id=26112, stack(0x0000003b81100000,0x0000003b81200000) (1024K)]
  0x000001dd36901a80 WorkerThread "GC Thread#9"                     [id=2072, stack(0x0000003b81e00000,0x0000003b81f00000) (1024K)]
  0x000001dcecb080a0 ConcurrentGCThread "G1 Main Marker"            [id=4936, stack(0x0000003bff800000,0x0000003bff900000) (1024K)]
  0x000001dcecb0a7f0 WorkerThread "G1 Conc#0"                       [id=24016, stack(0x0000003bff900000,0x0000003bffa00000) (1024K)]
  0x000001dd36a879c0 WorkerThread "G1 Conc#1"                       [id=7996, stack(0x0000003b81f00000,0x0000003b82000000) (1024K)]
  0x000001dd36a86750 WorkerThread "G1 Conc#2"                       [id=11896, stack(0x0000003b82000000,0x0000003b82100000) (1024K)]
  0x000001dcecb8dd20 ConcurrentGCThread "G1 Refine#0"               [id=29348, stack(0x0000003bffa00000,0x0000003bffb00000) (1024K)]
  0x000001dcecb8e160 ConcurrentGCThread "G1 Service"                [id=26064, stack(0x0000003bffb00000,0x0000003bffc00000) (1024K)]
Total: 18

Threads with active compile tasks:
C2 CompilerThread0  79036 15514   !   4       sun.nio.cs.StreamDecoder::read (78 bytes)
Total: 1

VM state: not at safepoint (normal execution)

VM Mutex/Monitor currently owned by a thread: None

Heap address: 0x0000000600000000, size: 8192 MB, Compressed Oops mode: Zero based, Oop shift amount: 3

CDS archive(s) mapped at: [0x000001dcf0000000-0x000001dcf0ba0000-0x000001dcf0ba0000), size 12189696, SharedBaseAddress: 0x000001dcf0000000, ArchiveRelocationMode: 1.
Compressed class space mapped at: 0x000001dcf1000000-0x000001dd31000000, reserved size: 1073741824
Narrow klass base: 0x000001dcf0000000, Narrow klass shift: 0, Narrow klass range: 0x100000000

GC Precious Log:
 CardTable entry size: 512
 Card Set container configuration: InlinePtr #cards 4 size 8 Array Of Cards #cards 32 size 80 Howl #buckets 8 coarsen threshold 7372 Howl Bitmap #cards 1024 size 144 coarsen threshold 921 Card regions per heap region 1 cards per card region 8192
 CPUs: 12 total, 12 available
 Memory: 7381M
 Large Page Support: Disabled
 NUMA Support: Disabled
 Compressed Oops: Enabled (Zero based)
 Heap Region Size: 4M
 Heap Min Capacity: 8M
 Heap Initial Capacity: 116M
 Heap Max Capacity: 8G
 Pre-touch: Disabled
 Parallel Workers: 10
 Concurrent Workers: 3
 Concurrent Refinement Workers: 10
 Periodic GC: Disabled

Heap:
 garbage-first heap   total 307200K, used 196310K [0x0000000600000000, 0x0000000800000000)
  region size 4096K, 7 young (28672K), 2 survivors (8192K)
 Metaspace       used 111558K, committed 114048K, reserved 1179648K
  class space    used 15886K, committed 17088K, reserved 1048576K

Heap Regions: E=young(eden), S=young(survivor), O=old, HS=humongous(starts), HC=humongous(continues), CS=collection set, F=free, TAMS=top-at-mark-start, PB=parsable bottom
|   0|0x0000000600000000, 0x0000000600400000, 0x0000000600400000|100%|HS|  |TAMS 0x0000000600000000| PB 0x0000000600000000| Complete 
|   1|0x0000000600400000, 0x0000000600800000, 0x0000000600800000|100%| O|  |TAMS 0x0000000600400000| PB 0x0000000600400000| Untracked 
|   2|0x0000000600800000, 0x0000000600c00000, 0x0000000600c00000|100%| O|  |TAMS 0x0000000600800000| PB 0x0000000600800000| Untracked 
|   3|0x0000000600c00000, 0x0000000601000000, 0x0000000601000000|100%| O|  |TAMS 0x0000000600c00000| PB 0x0000000600c00000| Untracked 
|   4|0x0000000601000000, 0x0000000601400000, 0x0000000601400000|100%| O|  |TAMS 0x0000000601000000| PB 0x0000000601000000| Untracked 
|   5|0x0000000601400000, 0x0000000601800000, 0x0000000601800000|100%| O|  |TAMS 0x0000000601400000| PB 0x0000000601400000| Untracked 
|   6|0x0000000601800000, 0x0000000601c00000, 0x0000000601c00000|100%| O|  |TAMS 0x0000000601800000| PB 0x0000000601800000| Untracked 
|   7|0x0000000601c00000, 0x0000000602000000, 0x0000000602000000|100%| O|  |TAMS 0x0000000601c00000| PB 0x0000000601c00000| Untracked 
|   8|0x0000000602000000, 0x0000000602400000, 0x0000000602400000|100%| O|  |TAMS 0x0000000602000000| PB 0x0000000602000000| Untracked 
|   9|0x0000000602400000, 0x0000000602800000, 0x0000000602800000|100%| O|  |TAMS 0x0000000602400000| PB 0x0000000602400000| Untracked 
|  10|0x0000000602800000, 0x0000000602c00000, 0x0000000602c00000|100%|HS|  |TAMS 0x0000000602800000| PB 0x0000000602800000| Complete 
|  11|0x0000000602c00000, 0x0000000603000000, 0x0000000603000000|100%| O|  |TAMS 0x0000000602c00000| PB 0x0000000602c00000| Untracked 
|  12|0x0000000603000000, 0x0000000603400000, 0x0000000603400000|100%| O|  |TAMS 0x0000000603000000| PB 0x0000000603000000| Untracked 
|  13|0x0000000603400000, 0x0000000603800000, 0x0000000603800000|100%|HS|  |TAMS 0x0000000603400000| PB 0x0000000603400000| Complete 
|  14|0x0000000603800000, 0x0000000603c00000, 0x0000000603c00000|100%| O|  |TAMS 0x0000000603800000| PB 0x0000000603800000| Untracked 
|  15|0x0000000603c00000, 0x0000000604000000, 0x0000000604000000|100%| O|  |TAMS 0x0000000603c00000| PB 0x0000000603c00000| Untracked 
|  16|0x0000000604000000, 0x0000000604400000, 0x0000000604400000|100%| O|  |TAMS 0x0000000604000000| PB 0x0000000604000000| Untracked 
|  17|0x0000000604400000, 0x0000000604800000, 0x0000000604800000|100%| O|Cm|TAMS 0x0000000604400000| PB 0x0000000604400000| Complete 
|  18|0x0000000604800000, 0x0000000604c00000, 0x0000000604c00000|100%| O|  |TAMS 0x0000000604800000| PB 0x0000000604800000| Untracked 
|  19|0x0000000604c00000, 0x0000000605000000, 0x0000000605000000|100%| O|  |TAMS 0x0000000604c00000| PB 0x0000000604c00000| Untracked 
|  20|0x0000000605000000, 0x0000000605400000, 0x0000000605400000|100%| O|  |TAMS 0x0000000605000000| PB 0x0000000605000000| Untracked 
|  21|0x0000000605400000, 0x0000000605800000, 0x0000000605800000|100%| O|  |TAMS 0x0000000605400000| PB 0x0000000605400000| Untracked 
|  22|0x0000000605800000, 0x0000000605c00000, 0x0000000605c00000|100%| O|  |TAMS 0x0000000605800000| PB 0x0000000605800000| Untracked 
|  23|0x0000000605c00000, 0x0000000606000000, 0x0000000606000000|100%| O|  |TAMS 0x0000000605c00000| PB 0x0000000605c00000| Untracked 
|  24|0x0000000606000000, 0x0000000606400000, 0x0000000606400000|100%| O|  |TAMS 0x0000000606000000| PB 0x0000000606000000| Untracked 
|  25|0x0000000606400000, 0x0000000606800000, 0x0000000606800000|100%| O|  |TAMS 0x0000000606400000| PB 0x0000000606400000| Untracked 
|  26|0x0000000606800000, 0x0000000606c00000, 0x0000000606c00000|100%| O|  |TAMS 0x0000000606800000| PB 0x0000000606800000| Untracked 
|  27|0x0000000606c00000, 0x0000000607000000, 0x0000000607000000|100%| O|Cm|TAMS 0x0000000606c00000| PB 0x0000000606c00000| Complete 
|  28|0x0000000607000000, 0x0000000607400000, 0x0000000607400000|100%| O|  |TAMS 0x0000000607000000| PB 0x0000000607000000| Untracked 
|  29|0x0000000607400000, 0x0000000607800000, 0x0000000607800000|100%| O|  |TAMS 0x0000000607400000| PB 0x0000000607400000| Untracked 
|  30|0x0000000607800000, 0x0000000607c00000, 0x0000000607c00000|100%| O|  |TAMS 0x0000000607800000| PB 0x0000000607800000| Untracked 
|  31|0x0000000607c00000, 0x0000000608000000, 0x0000000608000000|100%| O|  |TAMS 0x0000000607c00000| PB 0x0000000607c00000| Untracked 
|  32|0x0000000608000000, 0x0000000608400000, 0x0000000608400000|100%| O|  |TAMS 0x0000000608000000| PB 0x0000000608000000| Untracked 
|  33|0x0000000608400000, 0x0000000608800000, 0x0000000608800000|100%| O|  |TAMS 0x0000000608400000| PB 0x0000000608400000| Untracked 
|  34|0x0000000608800000, 0x0000000608c00000, 0x0000000608c00000|100%|HS|  |TAMS 0x0000000608800000| PB 0x0000000608800000| Complete 
|  35|0x0000000608c00000, 0x0000000609000000, 0x0000000609000000|100%| O|  |TAMS 0x0000000608c00000| PB 0x0000000608c00000| Untracked 
|  36|0x0000000609000000, 0x0000000609400000, 0x0000000609400000|100%| O|  |TAMS 0x0000000609000000| PB 0x0000000609000000| Untracked 
|  37|0x0000000609400000, 0x0000000609400000, 0x0000000609800000|  0%| F|  |TAMS 0x0000000609400000| PB 0x0000000609400000| Untracked 
|  38|0x0000000609800000, 0x0000000609800000, 0x0000000609c00000|  0%| F|  |TAMS 0x0000000609800000| PB 0x0000000609800000| Untracked 
|  39|0x0000000609c00000, 0x0000000609c00000, 0x000000060a000000|  0%| F|  |TAMS 0x0000000609c00000| PB 0x0000000609c00000| Untracked 
|  40|0x000000060a000000, 0x000000060a2c9b98, 0x000000060a400000| 69%| O|  |TAMS 0x000000060a000000| PB 0x000000060a000000| Untracked 
|  41|0x000000060a400000, 0x000000060a400000, 0x000000060a800000|  0%| F|  |TAMS 0x000000060a400000| PB 0x000000060a400000| Untracked 
|  42|0x000000060a800000, 0x000000060a800000, 0x000000060ac00000|  0%| F|  |TAMS 0x000000060a800000| PB 0x000000060a800000| Untracked 
|  43|0x000000060ac00000, 0x000000060acebd70, 0x000000060b000000| 23%| S|CS|TAMS 0x000000060ac00000| PB 0x000000060ac00000| Complete 
|  44|0x000000060b000000, 0x000000060b400000, 0x000000060b400000|100%| S|CS|TAMS 0x000000060b000000| PB 0x000000060b000000| Complete 
|  45|0x000000060b400000, 0x000000060b400000, 0x000000060b800000|  0%| F|  |TAMS 0x000000060b400000| PB 0x000000060b400000| Untracked 
|  46|0x000000060b800000, 0x000000060b800000, 0x000000060bc00000|  0%| F|  |TAMS 0x000000060b800000| PB 0x000000060b800000| Untracked 
|  47|0x000000060bc00000, 0x000000060bc00000, 0x000000060c000000|  0%| F|  |TAMS 0x000000060bc00000| PB 0x000000060bc00000| Untracked 
|  48|0x000000060c000000, 0x000000060c000000, 0x000000060c400000|  0%| F|  |TAMS 0x000000060c000000| PB 0x000000060c000000| Untracked 
|  49|0x000000060c400000, 0x000000060c400000, 0x000000060c800000|  0%| F|  |TAMS 0x000000060c400000| PB 0x000000060c400000| Untracked 
|  50|0x000000060c800000, 0x000000060c800000, 0x000000060cc00000|  0%| F|  |TAMS 0x000000060c800000| PB 0x000000060c800000| Untracked 
|  51|0x000000060cc00000, 0x000000060cc00000, 0x000000060d000000|  0%| F|  |TAMS 0x000000060cc00000| PB 0x000000060cc00000| Untracked 
|  52|0x000000060d000000, 0x000000060d000000, 0x000000060d400000|  0%| F|  |TAMS 0x000000060d000000| PB 0x000000060d000000| Untracked 
|  53|0x000000060d400000, 0x000000060d400000, 0x000000060d800000|  0%| F|  |TAMS 0x000000060d400000| PB 0x000000060d400000| Untracked 
|  54|0x000000060d800000, 0x000000060d800000, 0x000000060dc00000|  0%| F|  |TAMS 0x000000060d800000| PB 0x000000060d800000| Untracked 
|  55|0x000000060dc00000, 0x000000060dc00000, 0x000000060e000000|  0%| F|  |TAMS 0x000000060dc00000| PB 0x000000060dc00000| Untracked 
|  56|0x000000060e000000, 0x000000060e000000, 0x000000060e400000|  0%| F|  |TAMS 0x000000060e000000| PB 0x000000060e000000| Untracked 
|  57|0x000000060e400000, 0x000000060e400000, 0x000000060e800000|  0%| F|  |TAMS 0x000000060e400000| PB 0x000000060e400000| Untracked 
|  58|0x000000060e800000, 0x000000060e800000, 0x000000060ec00000|  0%| F|  |TAMS 0x000000060e800000| PB 0x000000060e800000| Untracked 
|  59|0x000000060ec00000, 0x000000060ec00000, 0x000000060f000000|  0%| F|  |TAMS 0x000000060ec00000| PB 0x000000060ec00000| Untracked 
|  60|0x000000060f000000, 0x000000060f000000, 0x000000060f400000|  0%| F|  |TAMS 0x000000060f000000| PB 0x000000060f000000| Untracked 
|  61|0x000000060f400000, 0x000000060f400000, 0x000000060f800000|  0%| F|  |TAMS 0x000000060f400000| PB 0x000000060f400000| Untracked 
|  62|0x000000060f800000, 0x000000060f800000, 0x000000060fc00000|  0%| F|  |TAMS 0x000000060f800000| PB 0x000000060f800000| Untracked 
|  63|0x000000060fc00000, 0x000000060fc00000, 0x0000000610000000|  0%| F|  |TAMS 0x000000060fc00000| PB 0x000000060fc00000| Untracked 
|  64|0x0000000610000000, 0x0000000610000000, 0x0000000610400000|  0%| F|  |TAMS 0x0000000610000000| PB 0x0000000610000000| Untracked 
|  65|0x0000000610400000, 0x00000006105af2a8, 0x0000000610800000| 42%| E|  |TAMS 0x0000000610400000| PB 0x0000000610400000| Complete 
|  66|0x0000000610800000, 0x0000000610c00000, 0x0000000610c00000|100%| E|CS|TAMS 0x0000000610800000| PB 0x0000000610800000| Complete 
|  67|0x0000000610c00000, 0x0000000611000000, 0x0000000611000000|100%| E|CS|TAMS 0x0000000610c00000| PB 0x0000000610c00000| Complete 
|2041|0x00000007fe400000, 0x00000007fe800000, 0x00000007fe800000|100%| O|  |TAMS 0x00000007fe400000| PB 0x00000007fe400000| Untracked 
|2042|0x00000007fe800000, 0x00000007fec00000, 0x00000007fec00000|100%| O|  |TAMS 0x00000007fe800000| PB 0x00000007fe800000| Untracked 
|2043|0x00000007fec00000, 0x00000007ff000000, 0x00000007ff000000|100%| E|CS|TAMS 0x00000007fec00000| PB 0x00000007fec00000| Complete 
|2044|0x00000007ff000000, 0x00000007ff400000, 0x00000007ff400000|100%| O|  |TAMS 0x00000007ff000000| PB 0x00000007ff000000| Untracked 
|2045|0x00000007ff400000, 0x00000007ff800000, 0x00000007ff800000|100%| O|  |TAMS 0x00000007ff400000| PB 0x00000007ff400000| Untracked 
|2046|0x00000007ff800000, 0x00000007ffc00000, 0x00000007ffc00000|100%| O|  |TAMS 0x00000007ff800000| PB 0x00000007ff800000| Untracked 
|2047|0x00000007ffc00000, 0x0000000800000000, 0x0000000800000000|100%| E|CS|TAMS 0x00000007ffc00000| PB 0x00000007ffc00000| Complete 

Card table byte_map: [0x000001dce3b00000,0x000001dce4b00000] _byte_map_base: 0x000001dce0b00000

Marking Bits: (CMBitMap*) 0x000001dcdf242770
 Bits: [0x000001dce4b00000, 0x000001dcecb00000)

Polling page: 0x000001dcdd200000

Metaspace:

Usage:
  Non-class:     93.43 MB used.
      Class:     15.51 MB used.
       Both:    108.94 MB used.

Virtual space:
  Non-class space:      128.00 MB reserved,      94.69 MB ( 74%) committed,  2 nodes.
      Class space:        1.00 GB reserved,      16.69 MB (  2%) committed,  1 nodes.
             Both:        1.12 GB reserved,     111.38 MB ( 10%) committed. 

Chunk freelists:
   Non-Class:  880.00 KB
       Class:  15.31 MB
        Both:  16.17 MB

MaxMetaspaceSize: 4.00 GB
CompressedClassSpaceSize: 1.00 GB
Initial GC threshold: 21.00 MB
Current GC threshold: 185.62 MB
CDS: on
 - commit_granule_bytes: 65536.
 - commit_granule_words: 8192.
 - virtual_space_node_default_size: 8388608.
 - enlarge_chunks_in_place: 1.
 - use_allocation_guard: 0.


Internal statistics:

num_allocs_failed_limit: 9.
num_arena_births: 4562.
num_arena_deaths: 0.
num_vsnodes_births: 3.
num_vsnodes_deaths: 0.
num_space_committed: 1782.
num_space_uncommitted: 0.
num_chunks_returned_to_freelist: 9.
num_chunks_taken_from_freelist: 9917.
num_chunk_merges: 6.
num_chunk_splits: 6430.
num_chunks_enlarged: 3994.
num_inconsistent_stats: 0.

CodeHeap 'non-profiled nmethods': size=259264Kb used=8745Kb max_used=8778Kb free=250518Kb
 bounds [0x000001dc902d0000, 0x000001dc90b70000, 0x000001dca0000000]
CodeHeap 'profiled nmethods': size=259264Kb used=24600Kb max_used=25012Kb free=234664Kb
 bounds [0x000001dc80000000, 0x000001dc81870000, 0x000001dc8fd30000]
CodeHeap 'non-nmethods': size=5760Kb used=2813Kb max_used=2872Kb free=2946Kb
 bounds [0x000001dc8fd30000, 0x000001dc90010000, 0x000001dc902d0000]
CodeCache: size=524288Kb, used=36158Kb, max_used=36662Kb, free=488128Kb
 total_blobs=13940, nmethods=12881, adapters=962, full_count=0
Compilation: enabled, stopped_count=0, restarted_count=0

Compilation events (20 events):
Event: 75.537 Thread 0x000001dcef7d1380 nmethod 15512 0x000001dc90b54990 code [0x000001dc90b54c80, 0x000001dc90b55ac0]
Event: 75.537 Thread 0x000001dcef7d1380 15513       4       org.gradle.internal.execution.steps.BuildOperationStep$1::call (11 bytes)
Event: 75.538 Thread 0x000001dcef7d1380 nmethod 15513 0x000001dc90b56510 code [0x000001dc90b566a0, 0x000001dc90b56758]
Event: 75.581 Thread 0x000001dcef7d1380 15514   !   4       sun.nio.cs.StreamDecoder::read (78 bytes)
Event: 75.628 Thread 0x000001dd3c5270a0 nmethod 15508 0x000001dc90b56810 code [0x000001dc90b56d60, 0x000001dc90b5b190]
Event: 75.629 Thread 0x000001dd3c5270a0 15516   !   4       java.io.File::toPath (54 bytes)
Event: 75.639 Thread 0x000001dd3c5270a0 nmethod 15516 0x000001dc90b5dd90 code [0x000001dc90b5df60, 0x000001dc90b5e7d0]
Event: 75.639 Thread 0x000001dd3c5270a0 15515       4       sun.nio.cs.StreamDecoder::lockedRead (189 bytes)
Event: 75.699 Thread 0x000001dd3c5270a0 nmethod 15515 0x000001dc90b5ea90 code [0x000001dc90b5ee60, 0x000001dc90b61150]
Event: 76.769 Thread 0x000001dd3c5270a0 15517 %     4       com.google.common.cache.LocalCache$Segment::expand @ 57 (283 bytes)
Event: 77.850 Thread 0x000001dd3c5270a0 nmethod 15517% 0x000001dc90929e10 code [0x000001dc9092a140, 0x000001dc9092bed8]
Event: 77.850 Thread 0x000001dd3c5270a0 15518       4       org.gradle.internal.Try$Success::getFailure (4 bytes)
Event: 77.851 Thread 0x000001dd3c5270a0 nmethod 15518 0x000001dc903ab610 code [0x000001dc903ab7a0, 0x000001dc903ab830]
Event: 77.852 Thread 0x000001dd3c5270a0 15519       4       com.google.common.collect.MapMakerInternalMap$Segment::copyEntry (19 bytes)
Event: 77.869 Thread 0x000001dd3c5270a0 nmethod 15519 0x000001dc908f8690 code [0x000001dc908f8900, 0x000001dc908f9a68]
Event: 77.869 Thread 0x000001dd3c5270a0 15520 %     4       com.google.common.collect.MapMakerInternalMap$Segment::expand @ 56 (276 bytes)
Event: 77.968 Thread 0x000001dcef7e1a40 15521       3       java.util.HashMap$Values::spliterator (16 bytes)
Event: 77.968 Thread 0x000001dcef7e1a40 nmethod 15521 0x000001dc802c9210 code [0x000001dc802c93c0, 0x000001dc802c9588]
Event: 77.968 Thread 0x000001dcef7e1a40 15522       3       java.util.HashMap$ValueSpliterator::<init> (12 bytes)
Event: 77.969 Thread 0x000001dcef7e1a40 nmethod 15522 0x000001dc800c1090 code [0x000001dc800c1240, 0x000001dc800c1478]

GC Heap History (20 events):
Event: 55.663 GC heap before
{Heap before GC invocations=40 (full 0):
 garbage-first heap   total 200704K, used 183220K [0x0000000600000000, 0x0000000800000000)
  region size 4096K, 17 young (69632K), 2 survivors (8192K)
 Metaspace       used 103946K, committed 106304K, reserved 1179648K
  class space    used 14922K, committed 16064K, reserved 1048576K
}
Event: 55.669 GC heap after
{Heap after GC invocations=41 (full 0):
 garbage-first heap   total 200704K, used 123601K [0x0000000600000000, 0x0000000800000000)
  region size 4096K, 2 young (8192K), 2 survivors (8192K)
 Metaspace       used 103946K, committed 106304K, reserved 1179648K
  class space    used 14922K, committed 16064K, reserved 1048576K
}
Event: 56.629 GC heap before
{Heap before GC invocations=42 (full 0):
 garbage-first heap   total 221184K, used 172753K [0x0000000600000000, 0x0000000800000000)
  region size 4096K, 15 young (61440K), 2 survivors (8192K)
 Metaspace       used 107552K, committed 109952K, reserved 1179648K
  class space    used 15374K, committed 16576K, reserved 1048576K
}
Event: 56.634 GC heap after
{Heap after GC invocations=43 (full 0):
 garbage-first heap   total 221184K, used 126598K [0x0000000600000000, 0x0000000800000000)
  region size 4096K, 2 young (8192K), 2 survivors (8192K)
 Metaspace       used 107552K, committed 109952K, reserved 1179648K
  class space    used 15374K, committed 16576K, reserved 1048576K
}
Event: 62.745 GC heap before
{Heap before GC invocations=43 (full 0):
 garbage-first heap   total 221184K, used 200326K [0x0000000600000000, 0x0000000800000000)
  region size 4096K, 20 young (81920K), 2 survivors (8192K)
 Metaspace       used 107909K, committed 110336K, reserved 1179648K
  class space    used 15396K, committed 16576K, reserved 1048576K
}
Event: 62.756 GC heap after
{Heap after GC invocations=44 (full 0):
 garbage-first heap   total 221184K, used 131528K [0x0000000600000000, 0x0000000800000000)
  region size 4096K, 3 young (12288K), 3 survivors (12288K)
 Metaspace       used 107909K, committed 110336K, reserved 1179648K
  class space    used 15396K, committed 16576K, reserved 1048576K
}
Event: 63.471 GC heap before
{Heap before GC invocations=44 (full 0):
 garbage-first heap   total 221184K, used 197064K [0x0000000600000000, 0x0000000800000000)
  region size 4096K, 20 young (81920K), 3 survivors (12288K)
 Metaspace       used 107910K, committed 110336K, reserved 1179648K
  class space    used 15396K, committed 16576K, reserved 1048576K
}
Event: 63.480 GC heap after
{Heap after GC invocations=45 (full 0):
 garbage-first heap   total 221184K, used 133707K [0x0000000600000000, 0x0000000800000000)
  region size 4096K, 2 young (8192K), 2 survivors (8192K)
 Metaspace       used 107910K, committed 110336K, reserved 1179648K
  class space    used 15396K, committed 16576K, reserved 1048576K
}
Event: 64.775 GC heap before
{Heap before GC invocations=46 (full 0):
 garbage-first heap   total 233472K, used 195147K [0x0000000600000000, 0x0000000800000000)
  region size 4096K, 18 young (73728K), 2 survivors (8192K)
 Metaspace       used 109744K, committed 112192K, reserved 1179648K
  class space    used 15624K, committed 16832K, reserved 1048576K
}
Event: 64.785 GC heap after
{Heap after GC invocations=47 (full 0):
 garbage-first heap   total 233472K, used 146355K [0x0000000600000000, 0x0000000800000000)
  region size 4096K, 3 young (12288K), 3 survivors (12288K)
 Metaspace       used 109744K, committed 112192K, reserved 1179648K
  class space    used 15624K, committed 16832K, reserved 1048576K
}
Event: 67.896 GC heap before
{Heap before GC invocations=47 (full 0):
 garbage-first heap   total 233472K, used 203699K [0x0000000600000000, 0x0000000800000000)
  region size 4096K, 18 young (73728K), 3 survivors (12288K)
 Metaspace       used 111226K, committed 113728K, reserved 1179648K
  class space    used 15858K, committed 17088K, reserved 1048576K
}
Event: 67.909 GC heap after
{Heap after GC invocations=48 (full 0):
 garbage-first heap   total 237568K, used 155025K [0x0000000600000000, 0x0000000800000000)
  region size 4096K, 3 young (12288K), 3 survivors (12288K)
 Metaspace       used 111226K, committed 113728K, reserved 1179648K
  class space    used 15858K, committed 17088K, reserved 1048576K
}
Event: 68.623 GC heap before
{Heap before GC invocations=48 (full 0):
 garbage-first heap   total 237568K, used 204177K [0x0000000600000000, 0x0000000800000000)
  region size 4096K, 16 young (65536K), 3 survivors (12288K)
 Metaspace       used 111230K, committed 113728K, reserved 1179648K
  class space    used 15858K, committed 17088K, reserved 1048576K
}
Event: 68.631 GC heap after
{Heap after GC invocations=49 (full 0):
 garbage-first heap   total 237568K, used 158375K [0x0000000600000000, 0x0000000800000000)
  region size 4096K, 1 young (4096K), 1 survivors (4096K)
 Metaspace       used 111230K, committed 113728K, reserved 1179648K
  class space    used 15858K, committed 17088K, reserved 1048576K
}
Event: 69.560 GC heap before
{Heap before GC invocations=50 (full 0):
 garbage-first heap   total 266240K, used 215719K [0x0000000600000000, 0x0000000800000000)
  region size 4096K, 15 young (61440K), 1 survivors (4096K)
 Metaspace       used 111233K, committed 113728K, reserved 1179648K
  class space    used 15858K, committed 17088K, reserved 1048576K
}
Event: 69.564 GC heap after
{Heap after GC invocations=51 (full 0):
 garbage-first heap   total 266240K, used 158844K [0x0000000600000000, 0x0000000800000000)
  region size 4096K, 2 young (8192K), 2 survivors (8192K)
 Metaspace       used 111233K, committed 113728K, reserved 1179648K
  class space    used 15858K, committed 17088K, reserved 1048576K
}
Event: 72.224 GC heap before
{Heap before GC invocations=51 (full 0):
 garbage-first heap   total 266240K, used 240764K [0x0000000600000000, 0x0000000800000000)
  region size 4096K, 22 young (90112K), 2 survivors (8192K)
 Metaspace       used 111510K, committed 113984K, reserved 1179648K
  class space    used 15886K, committed 17088K, reserved 1048576K
}
Event: 72.235 GC heap after
{Heap after GC invocations=52 (full 0):
 garbage-first heap   total 274432K, used 173947K [0x0000000600000000, 0x0000000800000000)
  region size 4096K, 3 young (12288K), 3 survivors (12288K)
 Metaspace       used 111510K, committed 113984K, reserved 1179648K
  class space    used 15886K, committed 17088K, reserved 1048576K
}
Event: 75.606 GC heap before
{Heap before GC invocations=52 (full 0):
 garbage-first heap   total 274432K, used 243579K [0x0000000600000000, 0x0000000800000000)
  region size 4096K, 20 young (81920K), 3 survivors (12288K)
 Metaspace       used 111557K, committed 114048K, reserved 1179648K
  class space    used 15886K, committed 17088K, reserved 1048576K
}
Event: 75.616 GC heap after
{Heap after GC invocations=53 (full 0):
 garbage-first heap   total 274432K, used 179926K [0x0000000600000000, 0x0000000800000000)
  region size 4096K, 2 young (8192K), 2 survivors (8192K)
 Metaspace       used 111557K, committed 114048K, reserved 1179648K
  class space    used 15886K, committed 17088K, reserved 1048576K
}

Dll operation events (15 events):
Event: 0.017 Loaded shared library C:\Users\veere\.vscode\extensions\redhat.java-1.53.0-win32-x64\jre\21.0.10-win32-x86_64\bin\java.dll
Event: 0.082 Loaded shared library C:\Users\veere\.vscode\extensions\redhat.java-1.53.0-win32-x64\jre\21.0.10-win32-x86_64\bin\zip.dll
Event: 0.100 Loaded shared library C:\Users\veere\.vscode\extensions\redhat.java-1.53.0-win32-x64\jre\21.0.10-win32-x86_64\bin\instrument.dll
Event: 0.106 Loaded shared library C:\Users\veere\.vscode\extensions\redhat.java-1.53.0-win32-x64\jre\21.0.10-win32-x86_64\bin\net.dll
Event: 0.109 Loaded shared library C:\Users\veere\.vscode\extensions\redhat.java-1.53.0-win32-x64\jre\21.0.10-win32-x86_64\bin\nio.dll
Event: 0.112 Loaded shared library C:\Users\veere\.vscode\extensions\redhat.java-1.53.0-win32-x64\jre\21.0.10-win32-x86_64\bin\zip.dll
Event: 0.469 Loaded shared library C:\Users\veere\.vscode\extensions\redhat.java-1.53.0-win32-x64\jre\21.0.10-win32-x86_64\bin\jimage.dll
Event: 0.666 Loaded shared library C:\Users\veere\.vscode\extensions\redhat.java-1.53.0-win32-x64\jre\21.0.10-win32-x86_64\bin\verify.dll
Event: 0.779 Loaded shared library C:\Users\veere\.gradle\native\1def1411415f61bf3af743bc5b6707747c0891f09f0c88961ee8f79bc544acac\windows-amd64\native-platform.dll
Event: 0.793 Loaded shared library C:\Users\veere\.gradle\native\0.2.7\x86_64-windows-gnu\gradle-fileevents.dll
Event: 1.910 Loaded shared library C:\Users\veere\.vscode\extensions\redhat.java-1.53.0-win32-x64\jre\21.0.10-win32-x86_64\bin\management.dll
Event: 1.915 Loaded shared library C:\Users\veere\.vscode\extensions\redhat.java-1.53.0-win32-x64\jre\21.0.10-win32-x86_64\bin\management_ext.dll
Event: 2.088 Loaded shared library C:\Users\veere\.vscode\extensions\redhat.java-1.53.0-win32-x64\jre\21.0.10-win32-x86_64\bin\extnet.dll
Event: 2.450 Loaded shared library C:\Users\veere\.vscode\extensions\redhat.java-1.53.0-win32-x64\jre\21.0.10-win32-x86_64\bin\sunmscapi.dll
Event: 21.328 Loaded shared library C:\Users\veere\.vscode\extensions\redhat.java-1.53.0-win32-x64\jre\21.0.10-win32-x86_64\bin\rmi.dll

Deoptimization events (20 events):
Event: 76.853 Thread 0x000001dd3974cf90 Uncommon trap: trap_request=0xffffff45 fr.pc=0x000001dc907b4ff8 relative=0x0000000000001458
Event: 77.845 Thread 0x000001dd3974cf90 Uncommon trap: reason=unstable_if action=reinterpret pc=0x000001dc907b4ff8 method=java.util.concurrent.locks.AbstractQueuedSynchronizer.acquire(Ljava/util/concurrent/locks/AbstractQueuedSynchronizer$Node;IZZZJ)I @ 83 c2
Event: 77.845 Thread 0x000001dd3974cf90 DEOPT PACKING pc=0x000001dc907b4ff8 sp=0x0000003b88bfc850
Event: 77.845 Thread 0x000001dd3974cf90 DEOPT UNPACKING pc=0x000001dc8fd84422 sp=0x0000003b88bfc7e8 mode 2
Event: 77.852 Thread 0x000001dd3974a830 Uncommon trap: trap_request=0xffffffbe fr.pc=0x000001dc90a39418 relative=0x0000000000001d58
Event: 77.852 Thread 0x000001dd3974a830 Uncommon trap: reason=profile_predicate action=maybe_recompile pc=0x000001dc90a39418 method=com.google.common.collect.MapMakerInternalMap$Segment.expand()V @ 56 c2
Event: 77.852 Thread 0x000001dd3974a830 DEOPT PACKING pc=0x000001dc90a39418 sp=0x0000003b885fcfa0
Event: 77.852 Thread 0x000001dd3974a830 DEOPT UNPACKING pc=0x000001dc8fd84422 sp=0x0000003b885fcf58 mode 2
Event: 77.853 Thread 0x000001dd3974a830 Uncommon trap: trap_request=0xffffffbe fr.pc=0x000001dc90a39418 relative=0x0000000000001d58
Event: 77.853 Thread 0x000001dd3974a830 Uncommon trap: reason=profile_predicate action=maybe_recompile pc=0x000001dc90a39418 method=com.google.common.collect.MapMakerInternalMap$Segment.expand()V @ 56 c2
Event: 77.853 Thread 0x000001dd3974a830 DEOPT PACKING pc=0x000001dc90a39418 sp=0x0000003b885fcfa0
Event: 77.855 Thread 0x000001dd3974a830 DEOPT UNPACKING pc=0x000001dc8fd84422 sp=0x0000003b885fcf58 mode 2
Event: 77.855 Thread 0x000001dd3974a830 Uncommon trap: trap_request=0xffffffbe fr.pc=0x000001dc90a39418 relative=0x0000000000001d58
Event: 77.855 Thread 0x000001dd3974a830 Uncommon trap: reason=profile_predicate action=maybe_recompile pc=0x000001dc90a39418 method=com.google.common.collect.MapMakerInternalMap$Segment.expand()V @ 56 c2
Event: 77.855 Thread 0x000001dd3974a830 DEOPT PACKING pc=0x000001dc90a39418 sp=0x0000003b885fcfa0
Event: 77.855 Thread 0x000001dd3974a830 DEOPT UNPACKING pc=0x000001dc8fd84422 sp=0x0000003b885fcf58 mode 2
Event: 77.855 Thread 0x000001dd3974a830 Uncommon trap: trap_request=0xffffffbe fr.pc=0x000001dc90a39418 relative=0x0000000000001d58
Event: 77.855 Thread 0x000001dd3974a830 Uncommon trap: reason=profile_predicate action=maybe_recompile pc=0x000001dc90a39418 method=com.google.common.collect.MapMakerInternalMap$Segment.expand()V @ 56 c2
Event: 77.856 Thread 0x000001dd3974a830 DEOPT PACKING pc=0x000001dc90a39418 sp=0x0000003b885fcfa0
Event: 77.856 Thread 0x000001dd3974a830 DEOPT UNPACKING pc=0x000001dc8fd84422 sp=0x0000003b885fcf58 mode 2

Classes loaded (20 events):
Event: 64.929 Loading class java/lang/EnumCustomizer
Event: 64.929 Loading class java/lang/EnumCustomizer done
Event: 65.116 Loading class java/beans/IntrospectionException
Event: 65.117 Loading class java/beans/IntrospectionException done
Event: 65.432 Loading class java/util/ArrayListBeanInfo
Event: 65.432 Loading class java/util/ArrayListBeanInfo done
Event: 65.433 Loading class java/util/ArrayListBeanInfo
Event: 65.433 Loading class java/util/ArrayListBeanInfo done
Event: 65.433 Loading class java/util/AbstractListBeanInfo
Event: 65.433 Loading class java/util/AbstractListBeanInfo done
Event: 65.434 Loading class java/util/AbstractListBeanInfo
Event: 65.434 Loading class java/util/AbstractListBeanInfo done
Event: 65.434 Loading class java/util/AbstractListCustomizer
Event: 65.434 Loading class java/util/AbstractListCustomizer done
Event: 65.435 Loading class java/util/AbstractListCustomizer
Event: 65.435 Loading class java/util/AbstractListCustomizer done
Event: 65.437 Loading class java/util/ArrayListCustomizer
Event: 65.437 Loading class java/util/ArrayListCustomizer done
Event: 65.437 Loading class java/util/ArrayListCustomizer
Event: 65.437 Loading class java/util/ArrayListCustomizer done

Classes unloaded (0 events):
No events

Classes redefined (0 events):
No events

Internal exceptions (20 events):
Event: 70.909 Thread 0x000001dd367638f0 Exception <a 'java/lang/ClassNotFoundException'{0x000000060b2ae398}: org/gradle/api/internal/FactoryNamedDomainObjectContainerBeanInfo> (0x000000060b2ae398) 
thrown [s\src\hotspot\share\classfile\systemDictionary.cpp, line 312]
Event: 70.912 Thread 0x000001dd367638f0 Exception <a 'java/lang/ClassNotFoundException'{0x000000060b2c5b28}: org/gradle/api/internal/AbstractNamedDomainObjectContainerBeanInfo> (0x000000060b2c5b28) 
thrown [s\src\hotspot\share\classfile\systemDictionary.cpp, line 312]
Event: 70.914 Thread 0x000001dd367638f0 Exception <a 'java/lang/ClassNotFoundException'{0x000000060b2dd2c8}: org/gradle/api/internal/AbstractNamedDomainObjectContainerCustomizer> (0x000000060b2dd2c8) 
thrown [s\src\hotspot\share\classfile\systemDictionary.cpp, line 312]
Event: 70.918 Thread 0x000001dd367638f0 Exception <a 'java/lang/ClassNotFoundException'{0x000000060b374850}: org/gradle/api/internal/FactoryNamedDomainObjectContainerCustomizer> (0x000000060b374850) 
thrown [s\src\hotspot\share\classfile\systemDictionary.cpp, line 312]
Event: 70.921 Thread 0x000001dd367638f0 Exception <a 'java/lang/ClassNotFoundException'{0x000000060b396c90}: org/gradle/api/internal/FactoryNamedDomainObjectContainer_DecoratedCustomizer> (0x000000060b396c90) 
thrown [s\src\hotspot\share\classfile\systemDictionary.cpp, line 312]
Event: 70.929 Thread 0x000001dd367638f0 Exception <a 'java/lang/ClassNotFoundException'{0x000000060ac20258}: com/android/build/gradle/internal/api/DefaultAndroidSourceSet_DecoratedBeanInfo> (0x000000060ac20258) 
thrown [s\src\hotspot\share\classfile\systemDictionary.cpp, line 312]
Event: 70.930 Thread 0x000001dd367638f0 Exception <a 'java/lang/ClassNotFoundException'{0x000000060ac2e4d0}: com/android/build/gradle/internal/api/DefaultAndroidSourceSetBeanInfo> (0x000000060ac2e4d0) 
thrown [s\src\hotspot\share\classfile\systemDictionary.cpp, line 312]
Event: 70.931 Thread 0x000001dd367638f0 Exception <a 'java/lang/ClassNotFoundException'{0x000000060ac3c880}: com/android/build/gradle/internal/api/DefaultAndroidSourceSetCustomizer> (0x000000060ac3c880) 
thrown [s\src\hotspot\share\classfile\systemDictionary.cpp, line 312]
Event: 70.932 Thread 0x000001dd367638f0 Exception <a 'java/lang/ClassNotFoundException'{0x000000060aca6650}: com/android/build/gradle/internal/api/DefaultAndroidSourceSet_DecoratedCustomizer> (0x000000060aca6650) 
thrown [s\src\hotspot\share\classfile\systemDictionary.cpp, line 312]
Event: 70.940 Thread 0x000001dd367638f0 Exception <a 'java/lang/ClassNotFoundException'{0x000000060ad1e4a0}: com/android/build/gradle/internal/api/DefaultAndroidSourceDirectorySetBeanInfo> (0x000000060ad1e4a0) 
thrown [s\src\hotspot\share\classfile\systemDictionary.cpp, line 312]
Event: 70.941 Thread 0x000001dd367638f0 Exception <a 'java/lang/ClassNotFoundException'{0x000000060ad2ca10}: com/android/build/gradle/internal/api/DefaultAndroidSourceDirectorySetCustomizer> (0x000000060ad2ca10) 
thrown [s\src\hotspot\share\classfile\systemDictionary.cpp, line 312]
Event: 70.951 Thread 0x000001dd367638f0 Exception <a 'java/lang/ClassNotFoundException'{0x000000060ae47300}: com/google/common/collect/SingletonImmutableSetBeanInfo> (0x000000060ae47300) 
thrown [s\src\hotspot\share\classfile\systemDictionary.cpp, line 312]
Event: 70.952 Thread 0x000001dd367638f0 Exception <a 'java/lang/ClassNotFoundException'{0x000000060ae55360}: com/google/common/collect/ImmutableSetBeanInfo> (0x000000060ae55360) 
thrown [s\src\hotspot\share\classfile\systemDictionary.cpp, line 312]
Event: 70.952 Thread 0x000001dd367638f0 Exception <a 'java/lang/ClassNotFoundException'{0x000000060ae63240}: com/google/common/collect/ImmutableCollectionBeanInfo> (0x000000060ae63240) 
thrown [s\src\hotspot\share\classfile\systemDictionary.cpp, line 312]
Event: 70.953 Thread 0x000001dd367638f0 Exception <a 'java/lang/ClassNotFoundException'{0x000000060ae71268}: com/google/common/collect/ImmutableCollectionCustomizer> (0x000000060ae71268) 
thrown [s\src\hotspot\share\classfile\systemDictionary.cpp, line 312]
Event: 70.964 Thread 0x000001dd367638f0 Exception <a 'java/lang/ClassNotFoundException'{0x000000060aec7720}: com/google/common/collect/ImmutableSetCustomizer> (0x000000060aec7720) 
thrown [s\src\hotspot\share\classfile\systemDictionary.cpp, line 312]
Event: 70.966 Thread 0x000001dd367638f0 Exception <a 'java/lang/ClassNotFoundException'{0x000000060af11640}: com/google/common/collect/SingletonImmutableSetCustomizer> (0x000000060af11640) 
thrown [s\src\hotspot\share\classfile\systemDictionary.cpp, line 312]
Event: 71.004 Thread 0x000001dd367638f0 Exception <a 'java/lang/NoSuchMethodError'{0x000000060af42528}: 'void java.lang.invoke.DirectMethodHandle$Holder.invokeInterface(java.lang.Object, java.lang.Object, int)'> (0x000000060af42528) 
thrown [s\src\hotspot\share\interpreter\linkResolver.cpp, line 773]
Event: 71.383 Thread 0x000001dd367638f0 Exception <a 'java/lang/ClassNotFoundException'{0x000000060a12e088}: build_6ky90pbbelm20ehif8yq9914bBeanInfo> (0x000000060a12e088) 
thrown [s\src\hotspot\share\classfile\systemDictionary.cpp, line 312]
Event: 71.384 Thread 0x000001dd367638f0 Exception <a 'java/lang/ClassNotFoundException'{0x000000060a134e60}: build_6ky90pbbelm20ehif8yq9914bCustomizer> (0x000000060a134e60) 
thrown [s\src\hotspot\share\classfile\systemDictionary.cpp, line 312]

ZGC Phase Switch (0 events):
No events

VM Operations (20 events):
Event: 69.547 Executing safepoint VM operation: G1CollectForAllocation (G1 Evacuation Pause)
Event: 69.564 Executing safepoint VM operation: G1CollectForAllocation (G1 Evacuation Pause) done
Event: 70.574 Executing safepoint VM operation: Cleanup
Event: 70.574 Executing safepoint VM operation: Cleanup done
Event: 71.577 Executing safepoint VM operation: Cleanup
Event: 71.577 Executing safepoint VM operation: Cleanup done
Event: 72.223 Executing safepoint VM operation: G1CollectForAllocation (G1 Evacuation Pause)
Event: 72.235 Executing safepoint VM operation: G1CollectForAllocation (G1 Evacuation Pause) done
Event: 73.238 Executing safepoint VM operation: Cleanup
Event: 73.238 Executing safepoint VM operation: Cleanup done
Event: 74.245 Executing safepoint VM operation: Cleanup
Event: 74.245 Executing safepoint VM operation: Cleanup done
Event: 75.250 Executing safepoint VM operation: Cleanup
Event: 75.250 Executing safepoint VM operation: Cleanup done
Event: 75.606 Executing safepoint VM operation: G1CollectForAllocation (G1 Evacuation Pause)
Event: 75.616 Executing safepoint VM operation: G1CollectForAllocation (G1 Evacuation Pause) done
Event: 75.739 Executing safepoint VM operation: G1PauseRemark
Event: 76.763 Executing safepoint VM operation: G1PauseRemark done
Event: 76.798 Executing safepoint VM operation: G1PauseCleanup
Event: 76.799 Executing safepoint VM operation: G1PauseCleanup done

Memory protections (0 events):
No events

Nmethod flushes (20 events):
Event: 75.748 Thread 0x000001dcecce76d0 flushing  nmethod 0x000001dc80081d10
Event: 75.748 Thread 0x000001dcecce76d0 flushing  nmethod 0x000001dc8065b390
Event: 75.748 Thread 0x000001dcecce76d0 flushing  nmethod 0x000001dc8077e210
Event: 75.748 Thread 0x000001dcecce76d0 flushing  nmethod 0x000001dc808e4c90
Event: 75.748 Thread 0x000001dcecce76d0 flushing  nmethod 0x000001dc808eb390
Event: 75.748 Thread 0x000001dcecce76d0 flushing  nmethod 0x000001dc80cde610
Event: 75.748 Thread 0x000001dcecce76d0 flushing  nmethod 0x000001dc80d86d10
Event: 75.748 Thread 0x000001dcecce76d0 flushing  nmethod 0x000001dc80d8ac10
Event: 75.748 Thread 0x000001dcecce76d0 flushing  nmethod 0x000001dc803cf590
Event: 75.748 Thread 0x000001dcecce76d0 flushing  nmethod 0x000001dc805ee790
Event: 75.748 Thread 0x000001dcecce76d0 flushing  nmethod 0x000001dc80634190
Event: 75.748 Thread 0x000001dcecce76d0 flushing  nmethod 0x000001dc806ace90
Event: 75.748 Thread 0x000001dcecce76d0 flushing  nmethod 0x000001dc806b6390
Event: 75.748 Thread 0x000001dcecce76d0 flushing  nmethod 0x000001dc80a44090
Event: 75.748 Thread 0x000001dcecce76d0 flushing  nmethod 0x000001dc80a49090
Event: 75.748 Thread 0x000001dcecce76d0 flushing  nmethod 0x000001dc80b74010
Event: 75.748 Thread 0x000001dcecce76d0 flushing  nmethod 0x000001dc8106e810
Event: 75.748 Thread 0x000001dcecce76d0 flushing  nmethod 0x000001dc81160e10
Event: 75.748 Thread 0x000001dcecce76d0 flushing  nmethod 0x000001dc8148fa90
Event: 75.748 Thread 0x000001dcecce76d0 flushing  nmethod 0x000001dc8170e490

Events (20 events):
Event: 58.156 Thread 0x000001dd367638f0 Thread added: 0x000001dd3befb720
Event: 58.157 Thread 0x000001dd367638f0 Thread added: 0x000001dd3befbdb0
Event: 58.157 Thread 0x000001dd367638f0 Thread added: 0x000001dd3beff8c0
Event: 58.158 Thread 0x000001dd367638f0 Thread added: 0x000001dd3bf01300
Event: 58.159 Thread 0x000001dd367638f0 Thread added: 0x000001dd3beff230
Event: 58.160 Thread 0x000001dd367638f0 Thread added: 0x000001dd3bf00c70
Event: 58.161 Thread 0x000001dd367638f0 Thread added: 0x000001dd3bf01990
Event: 58.163 Thread 0x000001dd367638f0 Thread added: 0x000001dd3bf02020
Event: 63.862 Thread 0x000001dd367638f0 Thread added: 0x000001dd3bf033d0
Event: 63.961 Thread 0x000001dcef7e1a40 Thread added: 0x000001dd3c526300
Event: 64.026 Thread 0x000001dd367638f0 Thread added: 0x000001dd3bf026b0
Event: 65.926 Thread 0x000001dd367638f0 Thread added: 0x000001dd3bf04e10
Event: 66.583 Thread 0x000001dd3c526300 Thread exited: 0x000001dd3c526300
Event: 67.880 Thread 0x000001dcef7e1a40 Thread added: 0x000001dd3c5269d0
Event: 68.113 Thread 0x000001dd3c5269d0 Thread exited: 0x000001dd3c5269d0
Event: 69.913 Thread 0x000001dcef7d1380 Thread added: 0x000001dd3c5269d0
Event: 70.358 Thread 0x000001dd367638f0 Thread added: 0x000001dd3bf06850
Event: 71.356 Thread 0x000001dd367638f0 Thread added: 0x000001dd3bf06ee0
Event: 71.755 Thread 0x000001dd3c5269d0 Thread exited: 0x000001dd3c5269d0
Event: 73.175 Thread 0x000001dcef7e1a40 Thread added: 0x000001dd3c5270a0


Dynamic libraries:
0x00007ff6254e0000 - 0x00007ff6254ee000 	C:\Users\veere\.vscode\extensions\redhat.java-1.53.0-win32-x64\jre\21.0.10-win32-x86_64\bin\java.exe
0x00007ff945540000 - 0x00007ff9457a7000 	C:\WINDOWS\SYSTEM32\ntdll.dll
0x00007ff943960000 - 0x00007ff943a29000 	C:\WINDOWS\System32\KERNEL32.DLL
0x00007ff942ce0000 - 0x00007ff9430d1000 	C:\WINDOWS\System32\KERNELBASE.dll
0x00007ff941e20000 - 0x00007ff941f6b000 	C:\WINDOWS\System32\ucrtbase.dll
0x00007ff921890000 - 0x00007ff9218ae000 	C:\Users\veere\.vscode\extensions\redhat.java-1.53.0-win32-x64\jre\21.0.10-win32-x86_64\bin\VCRUNTIME140.dll
0x00007ff91fd50000 - 0x00007ff91fd68000 	C:\Users\veere\.vscode\extensions\redhat.java-1.53.0-win32-x64\jre\21.0.10-win32-x86_64\bin\jli.dll
0x00007ff9452d0000 - 0x00007ff945495000 	C:\WINDOWS\System32\USER32.dll
0x00007ff942cb0000 - 0x00007ff942cd7000 	C:\WINDOWS\System32\win32u.dll
0x00007ff921c50000 - 0x00007ff921ee3000 	C:\WINDOWS\WinSxS\amd64_microsoft.windows.common-controls_6595b64144ccf1df_6.0.26100.7922_none_3e089e1ee3342171\COMCTL32.dll
0x00007ff943920000 - 0x00007ff94394b000 	C:\WINDOWS\System32\GDI32.dll
0x00007ff941f70000 - 0x00007ff94209a000 	C:\WINDOWS\System32\gdi32full.dll
0x00007ff943760000 - 0x00007ff943809000 	C:\WINDOWS\System32\msvcrt.dll
0x00007ff942b50000 - 0x00007ff942bf3000 	C:\WINDOWS\System32\msvcp_win.dll
0x00007ff943650000 - 0x00007ff943681000 	C:\WINDOWS\System32\IMM32.DLL
0x00007ff93d2d0000 - 0x00007ff93d2dc000 	C:\Users\veere\.vscode\extensions\redhat.java-1.53.0-win32-x64\jre\21.0.10-win32-x86_64\bin\vcruntime140_1.dll
0x00007ff8fac10000 - 0x00007ff8fac9d000 	C:\Users\veere\.vscode\extensions\redhat.java-1.53.0-win32-x64\jre\21.0.10-win32-x86_64\bin\msvcp140.dll
0x00007ff856f50000 - 0x00007ff857cf1000 	C:\Users\veere\.vscode\extensions\redhat.java-1.53.0-win32-x64\jre\21.0.10-win32-x86_64\bin\server\jvm.dll
0x00007ff9432f0000 - 0x00007ff9433ab000 	C:\WINDOWS\System32\ADVAPI32.dll
0x00007ff943690000 - 0x00007ff943737000 	C:\WINDOWS\System32\sechost.dll
0x00007ff9434b0000 - 0x00007ff9435c8000 	C:\WINDOWS\System32\RPCRT4.dll
0x00007ff943820000 - 0x00007ff943894000 	C:\WINDOWS\System32\WS2_32.dll
0x00007ff941c80000 - 0x00007ff941cde000 	C:\WINDOWS\SYSTEM32\POWRPROF.dll
0x00007ff9331f0000 - 0x00007ff933225000 	C:\WINDOWS\SYSTEM32\WINMM.dll
0x00007ff939010000 - 0x00007ff93901b000 	C:\WINDOWS\SYSTEM32\VERSION.dll
0x00007ff941c60000 - 0x00007ff941c74000 	C:\WINDOWS\SYSTEM32\UMPDC.dll
0x00007ff940bb0000 - 0x00007ff940bcb000 	C:\WINDOWS\SYSTEM32\kernel.appcore.dll
0x00007ff939e90000 - 0x00007ff939e9a000 	C:\Users\veere\.vscode\extensions\redhat.java-1.53.0-win32-x64\jre\21.0.10-win32-x86_64\bin\jimage.dll
0x00007ff937b80000 - 0x00007ff937dc2000 	C:\WINDOWS\SYSTEM32\DBGHELP.DLL
0x00007ff943a30000 - 0x00007ff943db2000 	C:\WINDOWS\System32\combase.dll
0x00007ff944070000 - 0x00007ff944147000 	C:\WINDOWS\System32\OLEAUT32.dll
0x00007ff91de30000 - 0x00007ff91de6b000 	C:\WINDOWS\SYSTEM32\dbgcore.DLL
0x00007ff942c00000 - 0x00007ff942ca5000 	C:\WINDOWS\System32\bcryptPrimitives.dll
0x00007ff91fba0000 - 0x00007ff91fbaf000 	C:\Users\veere\.vscode\extensions\redhat.java-1.53.0-win32-x64\jre\21.0.10-win32-x86_64\bin\instrument.dll
0x00007ff929810000 - 0x00007ff929830000 	C:\Users\veere\.vscode\extensions\redhat.java-1.53.0-win32-x64\jre\21.0.10-win32-x86_64\bin\java.dll
0x00007ff944b60000 - 0x00007ff9452bf000 	C:\WINDOWS\System32\SHELL32.dll
0x00007ff943170000 - 0x00007ff9432da000 	C:\WINDOWS\System32\wintypes.dll
0x00007ff9420a0000 - 0x00007ff942904000 	C:\WINDOWS\System32\windows.storage.dll
0x00007ff9433b0000 - 0x00007ff9434a7000 	C:\WINDOWS\System32\SHCORE.dll
0x00007ff943dc0000 - 0x00007ff943e27000 	C:\WINDOWS\System32\shlwapi.dll
0x00007ff941d40000 - 0x00007ff941d69000 	C:\WINDOWS\SYSTEM32\profapi.dll
0x00007ff91fc20000 - 0x00007ff91fc38000 	C:\Users\veere\.vscode\extensions\redhat.java-1.53.0-win32-x64\jre\21.0.10-win32-x86_64\bin\zip.dll
0x00007ff939e40000 - 0x00007ff939e50000 	C:\Users\veere\.vscode\extensions\redhat.java-1.53.0-win32-x64\jre\21.0.10-win32-x86_64\bin\net.dll
0x00007ff93bb70000 - 0x00007ff93bc97000 	C:\WINDOWS\SYSTEM32\WINHTTP.dll
0x00007ff941120000 - 0x00007ff94118b000 	C:\WINDOWS\system32\mswsock.dll
0x00007ff91fc00000 - 0x00007ff91fc16000 	C:\Users\veere\.vscode\extensions\redhat.java-1.53.0-win32-x64\jre\21.0.10-win32-x86_64\bin\nio.dll
0x00007ff91e980000 - 0x00007ff91e990000 	C:\Users\veere\.vscode\extensions\redhat.java-1.53.0-win32-x64\jre\21.0.10-win32-x86_64\bin\verify.dll
0x00007ff851da0000 - 0x00007ff851dc7000 	C:\Users\veere\.gradle\native\1def1411415f61bf3af743bc5b6707747c0891f09f0c88961ee8f79bc544acac\windows-amd64\native-platform.dll
0x00007ff901a60000 - 0x00007ff901ad8000 	C:\Users\veere\.gradle\native\0.2.7\x86_64-windows-gnu\gradle-fileevents.dll
0x00007ff932790000 - 0x00007ff93279a000 	C:\Users\veere\.vscode\extensions\redhat.java-1.53.0-win32-x64\jre\21.0.10-win32-x86_64\bin\management.dll
0x00007ff930e50000 - 0x00007ff930e5c000 	C:\Users\veere\.vscode\extensions\redhat.java-1.53.0-win32-x64\jre\21.0.10-win32-x86_64\bin\management_ext.dll
0x00007ff943950000 - 0x00007ff943958000 	C:\WINDOWS\System32\PSAPI.DLL
0x00007ff940630000 - 0x00007ff940663000 	C:\WINDOWS\SYSTEM32\IPHLPAPI.DLL
0x00007ff943810000 - 0x00007ff94381a000 	C:\WINDOWS\System32\NSI.dll
0x00007ff91fbf0000 - 0x00007ff91fbf9000 	C:\Users\veere\.vscode\extensions\redhat.java-1.53.0-win32-x64\jre\21.0.10-win32-x86_64\bin\extnet.dll
0x00007ff941400000 - 0x00007ff94141b000 	C:\WINDOWS\SYSTEM32\CRYPTSP.dll
0x00007ff940b10000 - 0x00007ff940b49000 	C:\WINDOWS\system32\rsaenh.dll
0x00007ff9411d0000 - 0x00007ff941202000 	C:\WINDOWS\SYSTEM32\USERENV.dll
0x00007ff941d10000 - 0x00007ff941d3a000 	C:\WINDOWS\SYSTEM32\bcrypt.dll
0x00007ff941420000 - 0x00007ff94142c000 	C:\WINDOWS\SYSTEM32\CRYPTBASE.dll
0x00007ff922aa0000 - 0x00007ff922aae000 	C:\Users\veere\.vscode\extensions\redhat.java-1.53.0-win32-x64\jre\21.0.10-win32-x86_64\bin\sunmscapi.dll
0x00007ff9429d0000 - 0x00007ff942b47000 	C:\WINDOWS\System32\CRYPT32.dll
0x00007ff941620000 - 0x00007ff941650000 	C:\WINDOWS\SYSTEM32\ncrypt.dll
0x00007ff9415d0000 - 0x00007ff94160f000 	C:\WINDOWS\SYSTEM32\NTASN1.dll
0x00007ff914910000 - 0x00007ff914918000 	C:\WINDOWS\system32\wshunix.dll
0x00007ff91bfb0000 - 0x00007ff91bfc8000 	C:\WINDOWS\system32\napinsp.dll
0x00007ff940670000 - 0x00007ff94079a000 	C:\WINDOWS\SYSTEM32\DNSAPI.dll
0x00007ff91bf90000 - 0x00007ff91bfa2000 	C:\WINDOWS\System32\winrnr.dll
0x00007ff93b180000 - 0x00007ff93b196000 	C:\WINDOWS\system32\wshbth.dll
0x00007ff91bf60000 - 0x00007ff91bf82000 	C:\WINDOWS\system32\nlansp_c.dll
0x00007ff93a2e0000 - 0x00007ff93a2eb000 	C:\Windows\System32\rasadhlp.dll
0x00007ff93c1b0000 - 0x00007ff93c236000 	C:\WINDOWS\System32\fwpuclnt.dll
0x00007ff93d6a0000 - 0x00007ff93d6a7000 	C:\Users\veere\.vscode\extensions\redhat.java-1.53.0-win32-x64\jre\21.0.10-win32-x86_64\bin\rmi.dll

JVMTI agents:
C:\Users\veere\.gradle\wrapper\dists\gradle-8.14-all\c2qonpi39x1mddn7hk5gh9iqj\gradle-8.14\lib\agents\gradle-instrumentation-agent-8.14.jar path:C:\Users\veere\.vscode\extensions\redhat.java-1.53.0-win32-x64\jre\21.0.10-win32-x86_64\bin\instrument.dll, loaded, initialized, instrumentlib options:none

dbghelp: loaded successfully - version: 4.0.5 - missing functions: none
symbol engine: initialized successfully - sym options: 0x614 - pdb path: .;C:\Users\veere\.vscode\extensions\redhat.java-1.53.0-win32-x64\jre\21.0.10-win32-x86_64\bin;C:\WINDOWS\SYSTEM32;C:\WINDOWS\WinSxS\amd64_microsoft.windows.common-controls_6595b64144ccf1df_6.0.26100.7922_none_3e089e1ee3342171;C:\Users\veere\.vscode\extensions\redhat.java-1.53.0-win32-x64\jre\21.0.10-win32-x86_64\bin\server;C:\Users\veere\.gradle\native\1def1411415f61bf3af743bc5b6707747c0891f09f0c88961ee8f79bc544acac\windows-amd64;C:\Users\veere\.gradle\native\0.2.7\x86_64-windows-gnu

VM Arguments:
jvm_args: --add-opens=java.base/java.lang=ALL-UNNAMED --add-opens=java.base/java.lang.invoke=ALL-UNNAMED --add-opens=java.base/java.util=ALL-UNNAMED --add-opens=java.prefs/java.util.prefs=ALL-UNNAMED --add-exports=jdk.compiler/com.sun.tools.javac.api=ALL-UNNAMED --add-exports=jdk.compiler/com.sun.tools.javac.util=ALL-UNNAMED --add-opens=java.base/java.util=ALL-UNNAMED --add-opens=java.prefs/java.util.prefs=ALL-UNNAMED --add-opens=java.base/java.nio.charset=ALL-UNNAMED --add-opens=java.base/java.net=ALL-UNNAMED --add-opens=java.base/java.util.concurrent.atomic=ALL-UNNAMED --add-opens=java.xml/javax.xml.namespace=ALL-UNNAMED -XX:MaxMetaspaceSize=4G -XX:ReservedCodeCacheSize=512m -XX:+HeapDumpOnOutOfMemoryError -Xmx8G -Dfile.encoding=UTF-8 -Duser.country=IN -Duser.language=en -Duser.variant -javaagent:C:\Users\veere\.gradle\wrapper\dists\gradle-8.14-all\c2qonpi39x1mddn7hk5gh9iqj\gradle-8.14\lib\agents\gradle-instrumentation-agent-8.14.jar 
java_command: org.gradle.launcher.daemon.bootstrap.GradleDaemon 8.14
java_class_path (initial): C:\Users\veere\.gradle\wrapper\dists\gradle-8.14-all\c2qonpi39x1mddn7hk5gh9iqj\gradle-8.14\lib\gradle-daemon-main-8.14.jar
Launcher Type: SUN_STANDARD

[Global flags]
     intx CICompilerCount                          = 4                                         {product} {ergonomic}
     uint ConcGCThreads                            = 3                                         {product} {ergonomic}
     uint G1ConcRefinementThreads                  = 10                                        {product} {ergonomic}
   size_t G1HeapRegionSize                         = 4194304                                   {product} {ergonomic}
    uintx GCDrainStackTargetSize                   = 64                                        {product} {ergonomic}
     bool HeapDumpOnOutOfMemoryError               = true                                   {manageable} {command line}
   size_t InitialHeapSize                          = 121634816                                 {product} {ergonomic}
   size_t MarkStackSize                            = 4194304                                   {product} {ergonomic}
   size_t MaxHeapSize                              = 8589934592                                {product} {command line}
   size_t MaxMetaspaceSize                         = 4294967296                                {product} {command line}
   size_t MaxNewSize                               = 5150605312                                {product} {ergonomic}
   size_t MinHeapDeltaBytes                        = 4194304                                   {product} {ergonomic}
   size_t MinHeapSize                              = 8388608                                   {product} {ergonomic}
    uintx NonNMethodCodeHeapSize                   = 5839372                                {pd product} {ergonomic}
    uintx NonProfiledCodeHeapSize                  = 265515770                              {pd product} {ergonomic}
    uintx ProfiledCodeHeapSize                     = 265515770                              {pd product} {ergonomic}
    uintx ReservedCodeCacheSize                    = 536870912                              {pd product} {command line}
     bool SegmentedCodeCache                       = true                                      {product} {ergonomic}
   size_t SoftMaxHeapSize                          = 8589934592                             {manageable} {ergonomic}
     bool UseCompressedOops                        = true                           {product lp64_product} {ergonomic}
     bool UseG1GC                                  = true                                      {product} {ergonomic}
     bool UseLargePagesIndividualAllocation        = false                                  {pd product} {ergonomic}

Logging:
Log output configuration:
 #0: stdout all=warning uptime,level,tags foldmultilines=false
 #1: stderr all=off uptime,level,tags foldmultilines=false

Release file:
JAVA_VERSION="21.0.10" 
MODULES="java.base java.compiler java.datatransfer java.xml java.prefs java.desktop java.instrument java.logging java.management java.security.sasl java.naming java.rmi java.management.rmi java.net.http java.scripting java.security.jgss java.transaction.xa java.sql java.sql.rowset java.xml.crypto java.se java.smartcardio jdk.accessibility jdk.internal.jvmstat jdk.attach jdk.charsets jdk.internal.opt jdk.zipfs jdk.compiler jdk.crypto.ec jdk.crypto.cryptoki jdk.crypto.mscapi jdk.dynalink jdk.internal.ed jdk.editpad jdk.hotspot.agent jdk.httpserver jdk.internal.le jdk.internal.vm.ci jdk.internal.vm.compiler jdk.internal.vm.compiler.management jdk.jartool jdk.javadoc jdk.jcmd jdk.management jdk.management.agent jdk.jconsole jdk.jdeps jdk.jdwp.agent jdk.jdi jdk.jfr jdk.jshell jdk.jsobject jdk.jstatd jdk.localedata jdk.management.jfr jdk.naming.dns jdk.naming.rmi jdk.net jdk.nio.mapmode jdk.random jdk.sctp jdk.security.auth jdk.security.jgss jdk.unsupported jdk.unsupported.desktop jdk.xml.dom" 

Environment Variables:
JAVA_HOME=C:\Program Files\Java\jdk-17.0.14+7
PATH=C:\Python313\Scripts\;C:\Python313\;C:\windows\system32;C:\windows;C:\windows\System32\Wbem;C:\windows\System32\WindowsPowerShell\v1.0\;C:\windows\System32\OpenSSH\;C:\Program Files (x86)\NVIDIA Corporation\PhysX\Common;C:\Program Files\NVIDIA Corporation\NVIDIA NvDLISR;C:\Users\Administrator\AppData\Local\Microsoft\WindowsApps;C:\Program Files\HP\OMEN-Broadcast\Common;C:\WINDOWS\system32;C:\WINDOWS;C:\WINDOWS\System32\Wbem;C:\WINDOWS\System32\WindowsPowerShell\v1.0\;C:\WINDOWS\System32\OpenSSH\;C:\Program Files\HP\HP One Agent;C:\Program Files\nodejs\;C:\ProgramData\chocolatey\bin;C:\Program Files\Git\cmd;C:\Program Files\Git\bin;C:\Users\veere\AppData\Local\Pub\Cache\bin;C:\Users\veere\AppData\Local\Microsoft\WindowsApps;C:\Program Files\Java\jdk-17.0.14+7\bin;C:\Users\veere\AppData\Roaming\npm;C:\Program Files (x86)\MongoDB Atlas CLI;C:\Program Files\MongoDB\Server\8.0\bin;C:\Users\veere\AppData\Roaming\Python\Python313\Scripts;C:\Program Files\Docker\Docker\resources\bin;C:\MinGW\bin;C:\flutter\bin;C:\Users\veere\AppData\Local\Microsoft\WindowsApps;C:\Program Files\Java\jdk-17.0.14+7\bin;C:\Users\veere\AppData\Roaming\npm;C:\Users\veere\Downloads\flutter_windows_3.27.4-stable\flutter\bin;C:\Users\veere\AppData\Local\Programs\Microsoft VS Code\bin;C:\Users\veere\AppData\Local\GitHubDesktop\bin;C:\Program Files (x86)\MongoDB Atlas CLI\;C:\Users\veere\AppData\Local\Programs\mongosh\;C:\Program Files\heroku\bin;C:\Program Files\JetBrains\IntelliJ IDEA Community Edition 2025.2\bin;C:\Users\veere\AppData\Local\Programs\cursor\resources\app\bin;C:\Users\veere\AppData\Local\Programs\Antigravity\bin
USERNAME=veere
OS=Windows_NT
PROCESSOR_IDENTIFIER=AMD64 Family 25 Model 68 Stepping 1, AuthenticAMD
TMP=C:\Users\veere\AppData\Local\Temp
TEMP=C:\Users\veere\AppData\Local\Temp




Periodic native trim disabled

---------------  S Y S T E M  ---------------

OS:
 Windows 11 , 64 bit Build 26100 (10.0.26100.7920)
OS uptime: 0 days 2:29 hours
Hyper-V role detected

CPU: total 12 (initial active 12) (12 cores per cpu, 2 threads per core) family 25 model 68 stepping 1 microcode 0xa40410a, cx8, cmov, fxsr, ht, mmx, 3dnowpref, sse, sse2, sse3, ssse3, sse4a, sse4.1, sse4.2, popcnt, lzcnt, tsc, tscinvbit, avx, avx2, aes, erms, clmul, bmi1, bmi2, adx, sha, fma, vzeroupper, clflush, clflushopt, hv, rdtscp, rdpid, fsrm, f16c, cet_ss
Processor Information for processor 0
  Max Mhz: 3301, Current Mhz: 3301, Mhz Limit: 3301
Processor Information for processor 1
  Max Mhz: 3301, Current Mhz: 2635, Mhz Limit: 3301
Processor Information for processor 2
  Max Mhz: 3301, Current Mhz: 2635, Mhz Limit: 3301
Processor Information for processor 3
  Max Mhz: 3301, Current Mhz: 2635, Mhz Limit: 3301
Processor Information for processor 4
  Max Mhz: 3301, Current Mhz: 2635, Mhz Limit: 3301
Processor Information for processor 5
  Max Mhz: 3301, Current Mhz: 2635, Mhz Limit: 3301
Processor Information for processor 6
  Max Mhz: 3301, Current Mhz: 2635, Mhz Limit: 3301
Processor Information for processor 7
  Max Mhz: 3301, Current Mhz: 2635, Mhz Limit: 3301
Processor Information for processor 8
  Max Mhz: 3301, Current Mhz: 2635, Mhz Limit: 3301
Processor Information for processor 9
  Max Mhz: 3301, Current Mhz: 2635, Mhz Limit: 3301
Processor Information for processor 10
  Max Mhz: 3301, Current Mhz: 2635, Mhz Limit: 3301
Processor Information for processor 11
  Max Mhz: 3301, Current Mhz: 2635, Mhz Limit: 3301

Memory: 4k page, system-wide physical 7381M (548M free)
TotalPageFile size 29909M (AvailPageFile size 0M)
current process WorkingSet (physical memory assigned to process): 449M, peak: 491M
current process commit charge ("private bytes"): 667M, peak: 671M

vm_info: OpenJDK 64-Bit Server VM (21.0.10+7-LTS) for windows-amd64 JRE (21.0.10+7-LTS), built on 2026-01-20T00:00:00Z by "admin" with MS VC++ 17.12 (VS2022)

END.
